<?xml version="1.0" encoding="UTF-8"?>
<testsuite name="통계 API 통합 테스트" tests="9" skipped="0" failures="0" errors="0" timestamp="2025-12-12T10:17:06.117Z" hostname="SEOHAWON" time="2.938">
  <properties/>
  <testcase name="통계 조회 실패 - 필수 파라미터 누락" classname="com.example.FitTracker.integration.StatsIntegrationTest" time="0.434"/>
  <testcase name="빈 기간의 통계 조회" classname="com.example.FitTracker.integration.StatsIntegrationTest" time="0.346"/>
  <testcase name="주간 통계 조회 성공" classname="com.example.FitTracker.integration.StatsIntegrationTest" time="0.373"/>
  <testcase name="특정 운동의 개인 기록 조회 성공" classname="com.example.FitTracker.integration.StatsIntegrationTest" time="0.336"/>
  <testcase name="1RM 계산 검증" classname="com.example.FitTracker.integration.StatsIntegrationTest" time="0.301"/>
  <testcase name="특정 운동의 개인 기록 조회 실패 - 기록 없음" classname="com.example.FitTracker.integration.StatsIntegrationTest" time="0.283"/>
  <testcase name="신체 부위별 통계 조회 성공" classname="com.example.FitTracker.integration.StatsIntegrationTest" time="0.283"/>
  <testcase name="개인 기록 전체 조회 성공" classname="com.example.FitTracker.integration.StatsIntegrationTest" time="0.297"/>
  <testcase name="월간 통계 조회 성공" classname="com.example.FitTracker.integration.StatsIntegrationTest" time="0.278"/>
  <system-out><![CDATA[2025-12-12 19:17:06.108 [Test worker] INFO  o.s.t.c.s.AnnotationConfigContextLoaderUtils - Could not detect default configuration classes for test class [com.example.FitTracker.integration.StatsIntegrationTest]: StatsIntegrationTest does not declare any static, non-private, non-final, nested classes annotated with @Configuration.
2025-12-12 19:17:06.111 [Test worker] INFO  o.s.b.t.c.SpringBootTestContextBootstrapper - Found @SpringBootConfiguration com.example.FitTracker.FitTrackerApplication for test class com.example.FitTracker.integration.StatsIntegrationTest
2025-12-12 19:17:06.119 [Test worker] INFO  o.s.b.t.m.w.SpringBootMockServletContext - Initializing Spring TestDispatcherServlet ''
2025-12-12 19:17:06.119 [Test worker] INFO  o.s.t.w.s.TestDispatcherServlet - Initializing Servlet ''
2025-12-12 19:17:06.121 [Test worker] INFO  o.s.t.w.s.TestDispatcherServlet - Completed initialization in 2 ms
2025-12-12 19:17:06.126 [Test worker] DEBUG org.hibernate.SQL - 
    /* SELECT
        u.id id 
    FROM
        User u 
    WHERE
        u.email = :email */ select
            u1_0.id 
        from
            users u1_0 
        where
            u1_0.email=? 
        fetch
            first ? rows only
2025-12-12 19:17:06.208 [Test worker] DEBUG org.hibernate.SQL - 
    /* insert 
    for
        com.example.FitTracker.domain.User
        */insert 
    into
        users (created_at, email, name, password, id) 
    values
        (?, ?, ?, ?, default)
2025-12-12 19:17:06.212 [Test worker] DEBUG org.hibernate.SQL - 
    /* SELECT
        u 
    FROM
        User u 
    WHERE
        u.email = :email */ select
            u1_0.id,
            u1_0.created_at,
            u1_0.email,
            u1_0.name,
            u1_0.password 
        from
            users u1_0 
        where
            u1_0.email=?
2025-12-12 19:17:06.215 [Test worker] DEBUG org.hibernate.SQL - 
    /* SELECT
        u 
    FROM
        User u 
    WHERE
        u.email = :email */ select
            u1_0.id,
            u1_0.created_at,
            u1_0.email,
            u1_0.name,
            u1_0.password 
        from
            users u1_0 
        where
            u1_0.email=?
2025-12-12 19:17:06.217 [Test worker] DEBUG org.hibernate.SQL - 
    /* insert 
    for
        com.example.FitTracker.domain.WorkoutSession
        */insert 
    into
        workout_sessions (created_at, duration_minutes, notes, routine_id, user_id, workout_date, id) 
    values
        (?, ?, ?, ?, ?, ?, default)
2025-12-12 19:17:06.222 [Test worker] DEBUG org.hibernate.SQL - 
    /* SELECT
        u 
    FROM
        User u 
    WHERE
        u.email = :email */ select
            u1_0.id,
            u1_0.created_at,
            u1_0.email,
            u1_0.name,
            u1_0.password 
        from
            users u1_0 
        where
            u1_0.email=?
2025-12-12 19:17:06.224 [Test worker] DEBUG org.hibernate.SQL - 
    /* SELECT
        u 
    FROM
        User u 
    WHERE
        u.email = :email */ select
            u1_0.id,
            u1_0.created_at,
            u1_0.email,
            u1_0.name,
            u1_0.password 
        from
            users u1_0 
        where
            u1_0.email=?
2025-12-12 19:17:06.225 [Test worker] DEBUG org.hibernate.SQL - 
    /* SELECT
        w 
    FROM
        WorkoutSession w 
    WHERE
        w.id = :id 
        AND w.user.id = :userId */ select
            ws1_0.id,
            ws1_0.created_at,
            ws1_0.duration_minutes,
            ws1_0.notes,
            ws1_0.routine_id,
            ws1_0.user_id,
            ws1_0.workout_date 
        from
            workout_sessions ws1_0 
        where
            ws1_0.id=? 
            and ws1_0.user_id=?
2025-12-12 19:17:06.226 [Test worker] DEBUG org.hibernate.SQL - 
    select
        et1_0.id,
        et1_0.body_part,
        et1_0.description,
        et1_0.name 
    from
        exercise_types et1_0 
    where
        et1_0.id=?
2025-12-12 19:17:06.229 [Test worker] DEBUG org.hibernate.SQL - 
    /* insert 
    for
        com.example.FitTracker.domain.WorkoutSet
        */insert 
    into
        workout_sets (completed, exercise_type_id, reps, set_number, weight, workout_session_id, id) 
    values
        (?, ?, ?, ?, ?, ?, default)
2025-12-12 19:17:06.230 [Test worker] DEBUG org.hibernate.SQL - 
    /* SELECT
        u 
    FROM
        User u 
    WHERE
        u.email = :email */ select
            u1_0.id,
            u1_0.created_at,
            u1_0.email,
            u1_0.name,
            u1_0.password 
        from
            users u1_0 
        where
            u1_0.email=?
2025-12-12 19:17:06.232 [Test worker] DEBUG org.hibernate.SQL - 
    /* SELECT
        u 
    FROM
        User u 
    WHERE
        u.email = :email */ select
            u1_0.id,
            u1_0.created_at,
            u1_0.email,
            u1_0.name,
            u1_0.password 
        from
            users u1_0 
        where
            u1_0.email=?
2025-12-12 19:17:06.233 [Test worker] DEBUG org.hibernate.SQL - 
    /* SELECT
        w 
    FROM
        WorkoutSession w 
    WHERE
        w.id = :id 
        AND w.user.id = :userId */ select
            ws1_0.id,
            ws1_0.created_at,
            ws1_0.duration_minutes,
            ws1_0.notes,
            ws1_0.routine_id,
            ws1_0.user_id,
            ws1_0.workout_date 
        from
            workout_sessions ws1_0 
        where
            ws1_0.id=? 
            and ws1_0.user_id=?
2025-12-12 19:17:06.238 [Test worker] DEBUG org.hibernate.SQL - 
    /* insert 
    for
        com.example.FitTracker.domain.WorkoutSet
        */insert 
    into
        workout_sets (completed, exercise_type_id, reps, set_number, weight, workout_session_id, id) 
    values
        (?, ?, ?, ?, ?, ?, default)
2025-12-12 19:17:06.239 [Test worker] DEBUG org.hibernate.SQL - 
    /* SELECT
        u 
    FROM
        User u 
    WHERE
        u.email = :email */ select
            u1_0.id,
            u1_0.created_at,
            u1_0.email,
            u1_0.name,
            u1_0.password 
        from
            users u1_0 
        where
            u1_0.email=?
2025-12-12 19:17:06.241 [Test worker] DEBUG org.hibernate.SQL - 
    /* SELECT
        u 
    FROM
        User u 
    WHERE
        u.email = :email */ select
            u1_0.id,
            u1_0.created_at,
            u1_0.email,
            u1_0.name,
            u1_0.password 
        from
            users u1_0 
        where
            u1_0.email=?
2025-12-12 19:17:06.243 [Test worker] DEBUG org.hibernate.SQL - 
    /* SELECT
        w 
    FROM
        WorkoutSession w 
    WHERE
        w.id = :id 
        AND w.user.id = :userId */ select
            ws1_0.id,
            ws1_0.created_at,
            ws1_0.duration_minutes,
            ws1_0.notes,
            ws1_0.routine_id,
            ws1_0.user_id,
            ws1_0.workout_date 
        from
            workout_sessions ws1_0 
        where
            ws1_0.id=? 
            and ws1_0.user_id=?
2025-12-12 19:17:06.249 [Test worker] DEBUG org.hibernate.SQL - 
    /* insert 
    for
        com.example.FitTracker.domain.WorkoutSet
        */insert 
    into
        workout_sets (completed, exercise_type_id, reps, set_number, weight, workout_session_id, id) 
    values
        (?, ?, ?, ?, ?, ?, default)
2025-12-12 19:17:06.250 [Test worker] DEBUG org.hibernate.SQL - 
    /* SELECT
        u 
    FROM
        User u 
    WHERE
        u.email = :email */ select
            u1_0.id,
            u1_0.created_at,
            u1_0.email,
            u1_0.name,
            u1_0.password 
        from
            users u1_0 
        where
            u1_0.email=?
2025-12-12 19:17:06.252 [Test worker] DEBUG org.hibernate.SQL - 
    /* SELECT
        u 
    FROM
        User u 
    WHERE
        u.email = :email */ select
            u1_0.id,
            u1_0.created_at,
            u1_0.email,
            u1_0.name,
            u1_0.password 
        from
            users u1_0 
        where
            u1_0.email=?
2025-12-12 19:17:06.254 [Test worker] DEBUG org.hibernate.SQL - 
    /* insert 
    for
        com.example.FitTracker.domain.WorkoutSession
        */insert 
    into
        workout_sessions (created_at, duration_minutes, notes, routine_id, user_id, workout_date, id) 
    values
        (?, ?, ?, ?, ?, ?, default)
2025-12-12 19:17:06.259 [Test worker] DEBUG org.hibernate.SQL - 
    /* SELECT
        u 
    FROM
        User u 
    WHERE
        u.email = :email */ select
            u1_0.id,
            u1_0.created_at,
            u1_0.email,
            u1_0.name,
            u1_0.password 
        from
            users u1_0 
        where
            u1_0.email=?
2025-12-12 19:17:06.262 [Test worker] DEBUG org.hibernate.SQL - 
    /* SELECT
        u 
    FROM
        User u 
    WHERE
        u.email = :email */ select
            u1_0.id,
            u1_0.created_at,
            u1_0.email,
            u1_0.name,
            u1_0.password 
        from
            users u1_0 
        where
            u1_0.email=?
2025-12-12 19:17:06.263 [Test worker] DEBUG org.hibernate.SQL - 
    /* SELECT
        w 
    FROM
        WorkoutSession w 
    WHERE
        w.id = :id 
        AND w.user.id = :userId */ select
            ws1_0.id,
            ws1_0.created_at,
            ws1_0.duration_minutes,
            ws1_0.notes,
            ws1_0.routine_id,
            ws1_0.user_id,
            ws1_0.workout_date 
        from
            workout_sessions ws1_0 
        where
            ws1_0.id=? 
            and ws1_0.user_id=?
2025-12-12 19:17:06.267 [Test worker] DEBUG org.hibernate.SQL - 
    /* insert 
    for
        com.example.FitTracker.domain.WorkoutSet
        */insert 
    into
        workout_sets (completed, exercise_type_id, reps, set_number, weight, workout_session_id, id) 
    values
        (?, ?, ?, ?, ?, ?, default)
2025-12-12 19:17:06.268 [Test worker] DEBUG org.hibernate.SQL - 
    /* SELECT
        u 
    FROM
        User u 
    WHERE
        u.email = :email */ select
            u1_0.id,
            u1_0.created_at,
            u1_0.email,
            u1_0.name,
            u1_0.password 
        from
            users u1_0 
        where
            u1_0.email=?
2025-12-12 19:17:06.271 [Test worker] DEBUG org.hibernate.SQL - 
    /* SELECT
        u 
    FROM
        User u 
    WHERE
        u.email = :email */ select
            u1_0.id,
            u1_0.created_at,
            u1_0.email,
            u1_0.name,
            u1_0.password 
        from
            users u1_0 
        where
            u1_0.email=?
2025-12-12 19:17:06.272 [Test worker] DEBUG org.hibernate.SQL - 
    /* SELECT
        w 
    FROM
        WorkoutSession w 
    WHERE
        w.id = :id 
        AND w.user.id = :userId */ select
            ws1_0.id,
            ws1_0.created_at,
            ws1_0.duration_minutes,
            ws1_0.notes,
            ws1_0.routine_id,
            ws1_0.user_id,
            ws1_0.workout_date 
        from
            workout_sessions ws1_0 
        where
            ws1_0.id=? 
            and ws1_0.user_id=?
2025-12-12 19:17:06.275 [Test worker] DEBUG org.hibernate.SQL - 
    /* insert 
    for
        com.example.FitTracker.domain.WorkoutSet
        */insert 
    into
        workout_sets (completed, exercise_type_id, reps, set_number, weight, workout_session_id, id) 
    values
        (?, ?, ?, ?, ?, ?, default)
2025-12-12 19:17:06.276 [Test worker] DEBUG org.hibernate.SQL - 
    /* SELECT
        u 
    FROM
        User u 
    WHERE
        u.email = :email */ select
            u1_0.id,
            u1_0.created_at,
            u1_0.email,
            u1_0.name,
            u1_0.password 
        from
            users u1_0 
        where
            u1_0.email=?
2025-12-12 19:17:06.279 [Test worker] DEBUG org.hibernate.SQL - 
    /* SELECT
        u 
    FROM
        User u 
    WHERE
        u.email = :email */ select
            u1_0.id,
            u1_0.created_at,
            u1_0.email,
            u1_0.name,
            u1_0.password 
        from
            users u1_0 
        where
            u1_0.email=?
2025-12-12 19:17:06.280 [Test worker] DEBUG org.hibernate.SQL - 
    /* SELECT
        w 
    FROM
        WorkoutSession w 
    WHERE
        w.id = :id 
        AND w.user.id = :userId */ select
            ws1_0.id,
            ws1_0.created_at,
            ws1_0.duration_minutes,
            ws1_0.notes,
            ws1_0.routine_id,
            ws1_0.user_id,
            ws1_0.workout_date 
        from
            workout_sessions ws1_0 
        where
            ws1_0.id=? 
            and ws1_0.user_id=?
2025-12-12 19:17:06.283 [Test worker] DEBUG org.hibernate.SQL - 
    /* insert 
    for
        com.example.FitTracker.domain.WorkoutSet
        */insert 
    into
        workout_sets (completed, exercise_type_id, reps, set_number, weight, workout_session_id, id) 
    values
        (?, ?, ?, ?, ?, ?, default)
2025-12-12 19:17:06.285 [Test worker] DEBUG org.hibernate.SQL - 
    /* SELECT
        u 
    FROM
        User u 
    WHERE
        u.email = :email */ select
            u1_0.id,
            u1_0.created_at,
            u1_0.email,
            u1_0.name,
            u1_0.password 
        from
            users u1_0 
        where
            u1_0.email=?
2025-12-12 19:17:06.288 [Test worker] DEBUG org.hibernate.SQL - 
    /* SELECT
        u 
    FROM
        User u 
    WHERE
        u.email = :email */ select
            u1_0.id,
            u1_0.created_at,
            u1_0.email,
            u1_0.name,
            u1_0.password 
        from
            users u1_0 
        where
            u1_0.email=?
2025-12-12 19:17:06.289 [Test worker] DEBUG org.hibernate.SQL - 
    /* insert 
    for
        com.example.FitTracker.domain.WorkoutSession
        */insert 
    into
        workout_sessions (created_at, duration_minutes, notes, routine_id, user_id, workout_date, id) 
    values
        (?, ?, ?, ?, ?, ?, default)
2025-12-12 19:17:06.293 [Test worker] DEBUG org.hibernate.SQL - 
    /* SELECT
        u 
    FROM
        User u 
    WHERE
        u.email = :email */ select
            u1_0.id,
            u1_0.created_at,
            u1_0.email,
            u1_0.name,
            u1_0.password 
        from
            users u1_0 
        where
            u1_0.email=?
2025-12-12 19:17:06.296 [Test worker] DEBUG org.hibernate.SQL - 
    /* SELECT
        u 
    FROM
        User u 
    WHERE
        u.email = :email */ select
            u1_0.id,
            u1_0.created_at,
            u1_0.email,
            u1_0.name,
            u1_0.password 
        from
            users u1_0 
        where
            u1_0.email=?
2025-12-12 19:17:06.298 [Test worker] DEBUG org.hibernate.SQL - 
    /* SELECT
        w 
    FROM
        WorkoutSession w 
    WHERE
        w.id = :id 
        AND w.user.id = :userId */ select
            ws1_0.id,
            ws1_0.created_at,
            ws1_0.duration_minutes,
            ws1_0.notes,
            ws1_0.routine_id,
            ws1_0.user_id,
            ws1_0.workout_date 
        from
            workout_sessions ws1_0 
        where
            ws1_0.id=? 
            and ws1_0.user_id=?
2025-12-12 19:17:06.301 [Test worker] DEBUG org.hibernate.SQL - 
    /* insert 
    for
        com.example.FitTracker.domain.WorkoutSet
        */insert 
    into
        workout_sets (completed, exercise_type_id, reps, set_number, weight, workout_session_id, id) 
    values
        (?, ?, ?, ?, ?, ?, default)
2025-12-12 19:17:06.302 [Test worker] DEBUG org.hibernate.SQL - 
    /* SELECT
        u 
    FROM
        User u 
    WHERE
        u.email = :email */ select
            u1_0.id,
            u1_0.created_at,
            u1_0.email,
            u1_0.name,
            u1_0.password 
        from
            users u1_0 
        where
            u1_0.email=?
2025-12-12 19:17:06.305 [Test worker] DEBUG org.hibernate.SQL - 
    /* SELECT
        u 
    FROM
        User u 
    WHERE
        u.email = :email */ select
            u1_0.id,
            u1_0.created_at,
            u1_0.email,
            u1_0.name,
            u1_0.password 
        from
            users u1_0 
        where
            u1_0.email=?
2025-12-12 19:17:06.307 [Test worker] DEBUG org.hibernate.SQL - 
    /* SELECT
        w 
    FROM
        WorkoutSession w 
    WHERE
        w.id = :id 
        AND w.user.id = :userId */ select
            ws1_0.id,
            ws1_0.created_at,
            ws1_0.duration_minutes,
            ws1_0.notes,
            ws1_0.routine_id,
            ws1_0.user_id,
            ws1_0.workout_date 
        from
            workout_sessions ws1_0 
        where
            ws1_0.id=? 
            and ws1_0.user_id=?
2025-12-12 19:17:06.312 [Test worker] DEBUG org.hibernate.SQL - 
    /* insert 
    for
        com.example.FitTracker.domain.WorkoutSet
        */insert 
    into
        workout_sets (completed, exercise_type_id, reps, set_number, weight, workout_session_id, id) 
    values
        (?, ?, ?, ?, ?, ?, default)
2025-12-12 19:17:06.313 [Test worker] DEBUG org.hibernate.SQL - 
    /* SELECT
        u 
    FROM
        User u 
    WHERE
        u.email = :email */ select
            u1_0.id,
            u1_0.created_at,
            u1_0.email,
            u1_0.name,
            u1_0.password 
        from
            users u1_0 
        where
            u1_0.email=?
2025-12-12 19:17:06.316 [Test worker] DEBUG org.hibernate.SQL - 
    /* SELECT
        u 
    FROM
        User u 
    WHERE
        u.email = :email */ select
            u1_0.id,
            u1_0.created_at,
            u1_0.email,
            u1_0.name,
            u1_0.password 
        from
            users u1_0 
        where
            u1_0.email=?
2025-12-12 19:17:06.318 [Test worker] DEBUG org.hibernate.SQL - 
    /* SELECT
        w 
    FROM
        WorkoutSession w 
    WHERE
        w.id = :id 
        AND w.user.id = :userId */ select
            ws1_0.id,
            ws1_0.created_at,
            ws1_0.duration_minutes,
            ws1_0.notes,
            ws1_0.routine_id,
            ws1_0.user_id,
            ws1_0.workout_date 
        from
            workout_sessions ws1_0 
        where
            ws1_0.id=? 
            and ws1_0.user_id=?
2025-12-12 19:17:06.322 [Test worker] DEBUG org.hibernate.SQL - 
    /* insert 
    for
        com.example.FitTracker.domain.WorkoutSet
        */insert 
    into
        workout_sets (completed, exercise_type_id, reps, set_number, weight, workout_session_id, id) 
    values
        (?, ?, ?, ?, ?, ?, default)
2025-12-12 19:17:06.323 [Test worker] DEBUG org.hibernate.SQL - 
    /* SELECT
        u 
    FROM
        User u 
    WHERE
        u.email = :email */ select
            u1_0.id,
            u1_0.created_at,
            u1_0.email,
            u1_0.name,
            u1_0.password 
        from
            users u1_0 
        where
            u1_0.email=?
2025-12-12 19:17:06.326 [Test worker] DEBUG org.hibernate.SQL - 
    /* SELECT
        u 
    FROM
        User u 
    WHERE
        u.email = :email */ select
            u1_0.id,
            u1_0.created_at,
            u1_0.email,
            u1_0.name,
            u1_0.password 
        from
            users u1_0 
        where
            u1_0.email=?
2025-12-12 19:17:06.327 [Test worker] DEBUG org.hibernate.SQL - 
    /* insert 
    for
        com.example.FitTracker.domain.WorkoutSession
        */insert 
    into
        workout_sessions (created_at, duration_minutes, notes, routine_id, user_id, workout_date, id) 
    values
        (?, ?, ?, ?, ?, ?, default)
2025-12-12 19:17:06.330 [Test worker] DEBUG org.hibernate.SQL - 
    /* SELECT
        u 
    FROM
        User u 
    WHERE
        u.email = :email */ select
            u1_0.id,
            u1_0.created_at,
            u1_0.email,
            u1_0.name,
            u1_0.password 
        from
            users u1_0 
        where
            u1_0.email=?
2025-12-12 19:17:06.333 [Test worker] DEBUG org.hibernate.SQL - 
    /* SELECT
        u 
    FROM
        User u 
    WHERE
        u.email = :email */ select
            u1_0.id,
            u1_0.created_at,
            u1_0.email,
            u1_0.name,
            u1_0.password 
        from
            users u1_0 
        where
            u1_0.email=?
2025-12-12 19:17:06.334 [Test worker] DEBUG org.hibernate.SQL - 
    /* SELECT
        w 
    FROM
        WorkoutSession w 
    WHERE
        w.id = :id 
        AND w.user.id = :userId */ select
            ws1_0.id,
            ws1_0.created_at,
            ws1_0.duration_minutes,
            ws1_0.notes,
            ws1_0.routine_id,
            ws1_0.user_id,
            ws1_0.workout_date 
        from
            workout_sessions ws1_0 
        where
            ws1_0.id=? 
            and ws1_0.user_id=?
2025-12-12 19:17:06.337 [Test worker] DEBUG org.hibernate.SQL - 
    /* insert 
    for
        com.example.FitTracker.domain.WorkoutSet
        */insert 
    into
        workout_sets (completed, exercise_type_id, reps, set_number, weight, workout_session_id, id) 
    values
        (?, ?, ?, ?, ?, ?, default)
2025-12-12 19:17:06.338 [Test worker] DEBUG org.hibernate.SQL - 
    /* SELECT
        u 
    FROM
        User u 
    WHERE
        u.email = :email */ select
            u1_0.id,
            u1_0.created_at,
            u1_0.email,
            u1_0.name,
            u1_0.password 
        from
            users u1_0 
        where
            u1_0.email=?
2025-12-12 19:17:06.341 [Test worker] DEBUG org.hibernate.SQL - 
    /* SELECT
        u 
    FROM
        User u 
    WHERE
        u.email = :email */ select
            u1_0.id,
            u1_0.created_at,
            u1_0.email,
            u1_0.name,
            u1_0.password 
        from
            users u1_0 
        where
            u1_0.email=?
2025-12-12 19:17:06.342 [Test worker] DEBUG org.hibernate.SQL - 
    /* SELECT
        w 
    FROM
        WorkoutSession w 
    WHERE
        w.id = :id 
        AND w.user.id = :userId */ select
            ws1_0.id,
            ws1_0.created_at,
            ws1_0.duration_minutes,
            ws1_0.notes,
            ws1_0.routine_id,
            ws1_0.user_id,
            ws1_0.workout_date 
        from
            workout_sessions ws1_0 
        where
            ws1_0.id=? 
            and ws1_0.user_id=?
2025-12-12 19:17:06.346 [Test worker] DEBUG org.hibernate.SQL - 
    /* insert 
    for
        com.example.FitTracker.domain.WorkoutSet
        */insert 
    into
        workout_sets (completed, exercise_type_id, reps, set_number, weight, workout_session_id, id) 
    values
        (?, ?, ?, ?, ?, ?, default)
2025-12-12 19:17:06.347 [Test worker] DEBUG org.hibernate.SQL - 
    /* SELECT
        u 
    FROM
        User u 
    WHERE
        u.email = :email */ select
            u1_0.id,
            u1_0.created_at,
            u1_0.email,
            u1_0.name,
            u1_0.password 
        from
            users u1_0 
        where
            u1_0.email=?
2025-12-12 19:17:06.350 [Test worker] DEBUG org.hibernate.SQL - 
    /* SELECT
        u 
    FROM
        User u 
    WHERE
        u.email = :email */ select
            u1_0.id,
            u1_0.created_at,
            u1_0.email,
            u1_0.name,
            u1_0.password 
        from
            users u1_0 
        where
            u1_0.email=?
2025-12-12 19:17:06.351 [Test worker] DEBUG org.hibernate.SQL - 
    /* SELECT
        w 
    FROM
        WorkoutSession w 
    WHERE
        w.id = :id 
        AND w.user.id = :userId */ select
            ws1_0.id,
            ws1_0.created_at,
            ws1_0.duration_minutes,
            ws1_0.notes,
            ws1_0.routine_id,
            ws1_0.user_id,
            ws1_0.workout_date 
        from
            workout_sessions ws1_0 
        where
            ws1_0.id=? 
            and ws1_0.user_id=?
2025-12-12 19:17:06.355 [Test worker] DEBUG org.hibernate.SQL - 
    /* insert 
    for
        com.example.FitTracker.domain.WorkoutSet
        */insert 
    into
        workout_sets (completed, exercise_type_id, reps, set_number, weight, workout_session_id, id) 
    values
        (?, ?, ?, ?, ?, ?, default)
2025-12-12 19:17:06.356 [Test worker] DEBUG org.hibernate.SQL - 
    /* SELECT
        u 
    FROM
        User u 
    WHERE
        u.email = :email */ select
            u1_0.id,
            u1_0.created_at,
            u1_0.email,
            u1_0.name,
            u1_0.password 
        from
            users u1_0 
        where
            u1_0.email=?
2025-12-12 19:17:06.359 [Test worker] DEBUG org.hibernate.SQL - 
    /* SELECT
        u 
    FROM
        User u 
    WHERE
        u.email = :email */ select
            u1_0.id,
            u1_0.created_at,
            u1_0.email,
            u1_0.name,
            u1_0.password 
        from
            users u1_0 
        where
            u1_0.email=?
2025-12-12 19:17:06.359 [Test worker] DEBUG org.hibernate.SQL - 
    /* insert 
    for
        com.example.FitTracker.domain.WorkoutSession
        */insert 
    into
        workout_sessions (created_at, duration_minutes, notes, routine_id, user_id, workout_date, id) 
    values
        (?, ?, ?, ?, ?, ?, default)
2025-12-12 19:17:06.364 [Test worker] DEBUG org.hibernate.SQL - 
    /* SELECT
        u 
    FROM
        User u 
    WHERE
        u.email = :email */ select
            u1_0.id,
            u1_0.created_at,
            u1_0.email,
            u1_0.name,
            u1_0.password 
        from
            users u1_0 
        where
            u1_0.email=?
2025-12-12 19:17:06.366 [Test worker] DEBUG org.hibernate.SQL - 
    /* SELECT
        u 
    FROM
        User u 
    WHERE
        u.email = :email */ select
            u1_0.id,
            u1_0.created_at,
            u1_0.email,
            u1_0.name,
            u1_0.password 
        from
            users u1_0 
        where
            u1_0.email=?
2025-12-12 19:17:06.368 [Test worker] DEBUG org.hibernate.SQL - 
    /* SELECT
        w 
    FROM
        WorkoutSession w 
    WHERE
        w.id = :id 
        AND w.user.id = :userId */ select
            ws1_0.id,
            ws1_0.created_at,
            ws1_0.duration_minutes,
            ws1_0.notes,
            ws1_0.routine_id,
            ws1_0.user_id,
            ws1_0.workout_date 
        from
            workout_sessions ws1_0 
        where
            ws1_0.id=? 
            and ws1_0.user_id=?
2025-12-12 19:17:06.371 [Test worker] DEBUG org.hibernate.SQL - 
    /* insert 
    for
        com.example.FitTracker.domain.WorkoutSet
        */insert 
    into
        workout_sets (completed, exercise_type_id, reps, set_number, weight, workout_session_id, id) 
    values
        (?, ?, ?, ?, ?, ?, default)
2025-12-12 19:17:06.373 [Test worker] DEBUG org.hibernate.SQL - 
    /* SELECT
        u 
    FROM
        User u 
    WHERE
        u.email = :email */ select
            u1_0.id,
            u1_0.created_at,
            u1_0.email,
            u1_0.name,
            u1_0.password 
        from
            users u1_0 
        where
            u1_0.email=?
2025-12-12 19:17:06.375 [Test worker] DEBUG org.hibernate.SQL - 
    /* SELECT
        u 
    FROM
        User u 
    WHERE
        u.email = :email */ select
            u1_0.id,
            u1_0.created_at,
            u1_0.email,
            u1_0.name,
            u1_0.password 
        from
            users u1_0 
        where
            u1_0.email=?
2025-12-12 19:17:06.376 [Test worker] DEBUG org.hibernate.SQL - 
    /* SELECT
        w 
    FROM
        WorkoutSession w 
    WHERE
        w.id = :id 
        AND w.user.id = :userId */ select
            ws1_0.id,
            ws1_0.created_at,
            ws1_0.duration_minutes,
            ws1_0.notes,
            ws1_0.routine_id,
            ws1_0.user_id,
            ws1_0.workout_date 
        from
            workout_sessions ws1_0 
        where
            ws1_0.id=? 
            and ws1_0.user_id=?
2025-12-12 19:17:06.379 [Test worker] DEBUG org.hibernate.SQL - 
    /* insert 
    for
        com.example.FitTracker.domain.WorkoutSet
        */insert 
    into
        workout_sets (completed, exercise_type_id, reps, set_number, weight, workout_session_id, id) 
    values
        (?, ?, ?, ?, ?, ?, default)
2025-12-12 19:17:06.381 [Test worker] DEBUG org.hibernate.SQL - 
    /* SELECT
        u 
    FROM
        User u 
    WHERE
        u.email = :email */ select
            u1_0.id,
            u1_0.created_at,
            u1_0.email,
            u1_0.name,
            u1_0.password 
        from
            users u1_0 
        where
            u1_0.email=?
2025-12-12 19:17:06.384 [Test worker] DEBUG org.hibernate.SQL - 
    /* SELECT
        u 
    FROM
        User u 
    WHERE
        u.email = :email */ select
            u1_0.id,
            u1_0.created_at,
            u1_0.email,
            u1_0.name,
            u1_0.password 
        from
            users u1_0 
        where
            u1_0.email=?
2025-12-12 19:17:06.385 [Test worker] DEBUG org.hibernate.SQL - 
    /* SELECT
        w 
    FROM
        WorkoutSession w 
    WHERE
        w.id = :id 
        AND w.user.id = :userId */ select
            ws1_0.id,
            ws1_0.created_at,
            ws1_0.duration_minutes,
            ws1_0.notes,
            ws1_0.routine_id,
            ws1_0.user_id,
            ws1_0.workout_date 
        from
            workout_sessions ws1_0 
        where
            ws1_0.id=? 
            and ws1_0.user_id=?
2025-12-12 19:17:06.389 [Test worker] DEBUG org.hibernate.SQL - 
    /* insert 
    for
        com.example.FitTracker.domain.WorkoutSet
        */insert 
    into
        workout_sets (completed, exercise_type_id, reps, set_number, weight, workout_session_id, id) 
    values
        (?, ?, ?, ?, ?, ?, default)
2025-12-12 19:17:06.391 [Test worker] DEBUG org.hibernate.SQL - 
    /* SELECT
        u 
    FROM
        User u 
    WHERE
        u.email = :email */ select
            u1_0.id,
            u1_0.created_at,
            u1_0.email,
            u1_0.name,
            u1_0.password 
        from
            users u1_0 
        where
            u1_0.email=?
2025-12-12 19:17:06.393 [Test worker] DEBUG org.hibernate.SQL - 
    /* SELECT
        u 
    FROM
        User u 
    WHERE
        u.email = :email */ select
            u1_0.id,
            u1_0.created_at,
            u1_0.email,
            u1_0.name,
            u1_0.password 
        from
            users u1_0 
        where
            u1_0.email=?
2025-12-12 19:17:06.395 [Test worker] DEBUG org.hibernate.SQL - 
    /* insert 
    for
        com.example.FitTracker.domain.WorkoutSession
        */insert 
    into
        workout_sessions (created_at, duration_minutes, notes, routine_id, user_id, workout_date, id) 
    values
        (?, ?, ?, ?, ?, ?, default)
2025-12-12 19:17:06.400 [Test worker] DEBUG org.hibernate.SQL - 
    /* SELECT
        u 
    FROM
        User u 
    WHERE
        u.email = :email */ select
            u1_0.id,
            u1_0.created_at,
            u1_0.email,
            u1_0.name,
            u1_0.password 
        from
            users u1_0 
        where
            u1_0.email=?
2025-12-12 19:17:06.403 [Test worker] DEBUG org.hibernate.SQL - 
    /* SELECT
        u 
    FROM
        User u 
    WHERE
        u.email = :email */ select
            u1_0.id,
            u1_0.created_at,
            u1_0.email,
            u1_0.name,
            u1_0.password 
        from
            users u1_0 
        where
            u1_0.email=?
2025-12-12 19:17:06.405 [Test worker] DEBUG org.hibernate.SQL - 
    /* SELECT
        w 
    FROM
        WorkoutSession w 
    WHERE
        w.id = :id 
        AND w.user.id = :userId */ select
            ws1_0.id,
            ws1_0.created_at,
            ws1_0.duration_minutes,
            ws1_0.notes,
            ws1_0.routine_id,
            ws1_0.user_id,
            ws1_0.workout_date 
        from
            workout_sessions ws1_0 
        where
            ws1_0.id=? 
            and ws1_0.user_id=?
2025-12-12 19:17:06.406 [Test worker] DEBUG org.hibernate.SQL - 
    select
        et1_0.id,
        et1_0.body_part,
        et1_0.description,
        et1_0.name 
    from
        exercise_types et1_0 
    where
        et1_0.id=?
2025-12-12 19:17:06.411 [Test worker] DEBUG org.hibernate.SQL - 
    /* insert 
    for
        com.example.FitTracker.domain.WorkoutSet
        */insert 
    into
        workout_sets (completed, exercise_type_id, reps, set_number, weight, workout_session_id, id) 
    values
        (?, ?, ?, ?, ?, ?, default)
2025-12-12 19:17:06.412 [Test worker] DEBUG org.hibernate.SQL - 
    /* SELECT
        u 
    FROM
        User u 
    WHERE
        u.email = :email */ select
            u1_0.id,
            u1_0.created_at,
            u1_0.email,
            u1_0.name,
            u1_0.password 
        from
            users u1_0 
        where
            u1_0.email=?
2025-12-12 19:17:06.415 [Test worker] DEBUG org.hibernate.SQL - 
    /* SELECT
        u 
    FROM
        User u 
    WHERE
        u.email = :email */ select
            u1_0.id,
            u1_0.created_at,
            u1_0.email,
            u1_0.name,
            u1_0.password 
        from
            users u1_0 
        where
            u1_0.email=?
2025-12-12 19:17:06.416 [Test worker] DEBUG org.hibernate.SQL - 
    /* SELECT
        w 
    FROM
        WorkoutSession w 
    WHERE
        w.id = :id 
        AND w.user.id = :userId */ select
            ws1_0.id,
            ws1_0.created_at,
            ws1_0.duration_minutes,
            ws1_0.notes,
            ws1_0.routine_id,
            ws1_0.user_id,
            ws1_0.workout_date 
        from
            workout_sessions ws1_0 
        where
            ws1_0.id=? 
            and ws1_0.user_id=?
2025-12-12 19:17:06.422 [Test worker] DEBUG org.hibernate.SQL - 
    /* insert 
    for
        com.example.FitTracker.domain.WorkoutSet
        */insert 
    into
        workout_sets (completed, exercise_type_id, reps, set_number, weight, workout_session_id, id) 
    values
        (?, ?, ?, ?, ?, ?, default)
2025-12-12 19:17:06.424 [Test worker] DEBUG org.hibernate.SQL - 
    /* SELECT
        u 
    FROM
        User u 
    WHERE
        u.email = :email */ select
            u1_0.id,
            u1_0.created_at,
            u1_0.email,
            u1_0.name,
            u1_0.password 
        from
            users u1_0 
        where
            u1_0.email=?
2025-12-12 19:17:06.426 [Test worker] DEBUG org.hibernate.SQL - 
    /* SELECT
        u 
    FROM
        User u 
    WHERE
        u.email = :email */ select
            u1_0.id,
            u1_0.created_at,
            u1_0.email,
            u1_0.name,
            u1_0.password 
        from
            users u1_0 
        where
            u1_0.email=?
2025-12-12 19:17:06.428 [Test worker] DEBUG org.hibernate.SQL - 
    /* SELECT
        w 
    FROM
        WorkoutSession w 
    WHERE
        w.id = :id 
        AND w.user.id = :userId */ select
            ws1_0.id,
            ws1_0.created_at,
            ws1_0.duration_minutes,
            ws1_0.notes,
            ws1_0.routine_id,
            ws1_0.user_id,
            ws1_0.workout_date 
        from
            workout_sessions ws1_0 
        where
            ws1_0.id=? 
            and ws1_0.user_id=?
2025-12-12 19:17:06.429 [Test worker] DEBUG org.hibernate.SQL - 
    select
        et1_0.id,
        et1_0.body_part,
        et1_0.description,
        et1_0.name 
    from
        exercise_types et1_0 
    where
        et1_0.id=?
2025-12-12 19:17:06.434 [Test worker] DEBUG org.hibernate.SQL - 
    /* insert 
    for
        com.example.FitTracker.domain.WorkoutSet
        */insert 
    into
        workout_sets (completed, exercise_type_id, reps, set_number, weight, workout_session_id, id) 
    values
        (?, ?, ?, ?, ?, ?, default)
2025-12-12 19:17:06.435 [Test worker] DEBUG org.hibernate.SQL - 
    /* SELECT
        u 
    FROM
        User u 
    WHERE
        u.email = :email */ select
            u1_0.id,
            u1_0.created_at,
            u1_0.email,
            u1_0.name,
            u1_0.password 
        from
            users u1_0 
        where
            u1_0.email=?
2025-12-12 19:17:06.439 [Test worker] DEBUG org.hibernate.SQL - 
    /* SELECT
        u 
    FROM
        User u 
    WHERE
        u.email = :email */ select
            u1_0.id,
            u1_0.created_at,
            u1_0.email,
            u1_0.name,
            u1_0.password 
        from
            users u1_0 
        where
            u1_0.email=?
2025-12-12 19:17:06.440 [Test worker] DEBUG org.hibernate.SQL - 
    /* SELECT
        w 
    FROM
        WorkoutSession w 
    WHERE
        w.id = :id 
        AND w.user.id = :userId */ select
            ws1_0.id,
            ws1_0.created_at,
            ws1_0.duration_minutes,
            ws1_0.notes,
            ws1_0.routine_id,
            ws1_0.user_id,
            ws1_0.workout_date 
        from
            workout_sessions ws1_0 
        where
            ws1_0.id=? 
            and ws1_0.user_id=?
2025-12-12 19:17:06.445 [Test worker] DEBUG org.hibernate.SQL - 
    /* insert 
    for
        com.example.FitTracker.domain.WorkoutSet
        */insert 
    into
        workout_sets (completed, exercise_type_id, reps, set_number, weight, workout_session_id, id) 
    values
        (?, ?, ?, ?, ?, ?, default)
2025-12-12 19:17:06.446 [Test worker] DEBUG org.hibernate.SQL - 
    /* SELECT
        u 
    FROM
        User u 
    WHERE
        u.email = :email */ select
            u1_0.id,
            u1_0.created_at,
            u1_0.email,
            u1_0.name,
            u1_0.password 
        from
            users u1_0 
        where
            u1_0.email=?
2025-12-12 19:17:06.449 [Test worker] DEBUG org.hibernate.SQL - 
    /* SELECT
        u 
    FROM
        User u 
    WHERE
        u.email = :email */ select
            u1_0.id,
            u1_0.created_at,
            u1_0.email,
            u1_0.name,
            u1_0.password 
        from
            users u1_0 
        where
            u1_0.email=?
2025-12-12 19:17:06.451 [Test worker] DEBUG org.hibernate.SQL - 
    /* insert 
    for
        com.example.FitTracker.domain.WorkoutSession
        */insert 
    into
        workout_sessions (created_at, duration_minutes, notes, routine_id, user_id, workout_date, id) 
    values
        (?, ?, ?, ?, ?, ?, default)
2025-12-12 19:17:06.454 [Test worker] DEBUG org.hibernate.SQL - 
    /* SELECT
        u 
    FROM
        User u 
    WHERE
        u.email = :email */ select
            u1_0.id,
            u1_0.created_at,
            u1_0.email,
            u1_0.name,
            u1_0.password 
        from
            users u1_0 
        where
            u1_0.email=?
2025-12-12 19:17:06.457 [Test worker] DEBUG org.hibernate.SQL - 
    /* SELECT
        u 
    FROM
        User u 
    WHERE
        u.email = :email */ select
            u1_0.id,
            u1_0.created_at,
            u1_0.email,
            u1_0.name,
            u1_0.password 
        from
            users u1_0 
        where
            u1_0.email=?
2025-12-12 19:17:06.459 [Test worker] DEBUG org.hibernate.SQL - 
    /* SELECT
        w 
    FROM
        WorkoutSession w 
    WHERE
        w.id = :id 
        AND w.user.id = :userId */ select
            ws1_0.id,
            ws1_0.created_at,
            ws1_0.duration_minutes,
            ws1_0.notes,
            ws1_0.routine_id,
            ws1_0.user_id,
            ws1_0.workout_date 
        from
            workout_sessions ws1_0 
        where
            ws1_0.id=? 
            and ws1_0.user_id=?
2025-12-12 19:17:06.463 [Test worker] DEBUG org.hibernate.SQL - 
    /* insert 
    for
        com.example.FitTracker.domain.WorkoutSet
        */insert 
    into
        workout_sets (completed, exercise_type_id, reps, set_number, weight, workout_session_id, id) 
    values
        (?, ?, ?, ?, ?, ?, default)
2025-12-12 19:17:06.464 [Test worker] DEBUG org.hibernate.SQL - 
    /* SELECT
        u 
    FROM
        User u 
    WHERE
        u.email = :email */ select
            u1_0.id,
            u1_0.created_at,
            u1_0.email,
            u1_0.name,
            u1_0.password 
        from
            users u1_0 
        where
            u1_0.email=?
2025-12-12 19:17:06.468 [Test worker] DEBUG org.hibernate.SQL - 
    /* SELECT
        u 
    FROM
        User u 
    WHERE
        u.email = :email */ select
            u1_0.id,
            u1_0.created_at,
            u1_0.email,
            u1_0.name,
            u1_0.password 
        from
            users u1_0 
        where
            u1_0.email=?
2025-12-12 19:17:06.470 [Test worker] DEBUG org.hibernate.SQL - 
    /* SELECT
        w 
    FROM
        WorkoutSession w 
    WHERE
        w.id = :id 
        AND w.user.id = :userId */ select
            ws1_0.id,
            ws1_0.created_at,
            ws1_0.duration_minutes,
            ws1_0.notes,
            ws1_0.routine_id,
            ws1_0.user_id,
            ws1_0.workout_date 
        from
            workout_sessions ws1_0 
        where
            ws1_0.id=? 
            and ws1_0.user_id=?
2025-12-12 19:17:06.474 [Test worker] DEBUG org.hibernate.SQL - 
    /* insert 
    for
        com.example.FitTracker.domain.WorkoutSet
        */insert 
    into
        workout_sets (completed, exercise_type_id, reps, set_number, weight, workout_session_id, id) 
    values
        (?, ?, ?, ?, ?, ?, default)
2025-12-12 19:17:06.476 [Test worker] DEBUG org.hibernate.SQL - 
    /* SELECT
        u 
    FROM
        User u 
    WHERE
        u.email = :email */ select
            u1_0.id,
            u1_0.created_at,
            u1_0.email,
            u1_0.name,
            u1_0.password 
        from
            users u1_0 
        where
            u1_0.email=?
2025-12-12 19:17:06.480 [Test worker] DEBUG org.hibernate.SQL - 
    /* SELECT
        u 
    FROM
        User u 
    WHERE
        u.email = :email */ select
            u1_0.id,
            u1_0.created_at,
            u1_0.email,
            u1_0.name,
            u1_0.password 
        from
            users u1_0 
        where
            u1_0.email=?
2025-12-12 19:17:06.482 [Test worker] DEBUG org.hibernate.SQL - 
    /* SELECT
        w 
    FROM
        WorkoutSession w 
    WHERE
        w.id = :id 
        AND w.user.id = :userId */ select
            ws1_0.id,
            ws1_0.created_at,
            ws1_0.duration_minutes,
            ws1_0.notes,
            ws1_0.routine_id,
            ws1_0.user_id,
            ws1_0.workout_date 
        from
            workout_sessions ws1_0 
        where
            ws1_0.id=? 
            and ws1_0.user_id=?
2025-12-12 19:17:06.486 [Test worker] DEBUG org.hibernate.SQL - 
    /* insert 
    for
        com.example.FitTracker.domain.WorkoutSet
        */insert 
    into
        workout_sets (completed, exercise_type_id, reps, set_number, weight, workout_session_id, id) 
    values
        (?, ?, ?, ?, ?, ?, default)
2025-12-12 19:17:06.488 [Test worker] DEBUG org.hibernate.SQL - 
    /* SELECT
        u 
    FROM
        User u 
    WHERE
        u.email = :email */ select
            u1_0.id,
            u1_0.created_at,
            u1_0.email,
            u1_0.name,
            u1_0.password 
        from
            users u1_0 
        where
            u1_0.email=?
2025-12-12 19:17:06.491 [Test worker] DEBUG org.hibernate.SQL - 
    /* SELECT
        u 
    FROM
        User u 
    WHERE
        u.email = :email */ select
            u1_0.id,
            u1_0.created_at,
            u1_0.email,
            u1_0.name,
            u1_0.password 
        from
            users u1_0 
        where
            u1_0.email=?
2025-12-12 19:17:06.493 [Test worker] DEBUG org.hibernate.SQL - 
    /* SELECT
        w 
    FROM
        WorkoutSession w 
    WHERE
        w.id = :id 
        AND w.user.id = :userId */ select
            ws1_0.id,
            ws1_0.created_at,
            ws1_0.duration_minutes,
            ws1_0.notes,
            ws1_0.routine_id,
            ws1_0.user_id,
            ws1_0.workout_date 
        from
            workout_sessions ws1_0 
        where
            ws1_0.id=? 
            and ws1_0.user_id=?
2025-12-12 19:17:06.496 [Test worker] DEBUG org.hibernate.SQL - 
    /* insert 
    for
        com.example.FitTracker.domain.WorkoutSet
        */insert 
    into
        workout_sets (completed, exercise_type_id, reps, set_number, weight, workout_session_id, id) 
    values
        (?, ?, ?, ?, ?, ?, default)
2025-12-12 19:17:06.498 [Test worker] DEBUG org.hibernate.SQL - 
    /* SELECT
        u 
    FROM
        User u 
    WHERE
        u.email = :email */ select
            u1_0.id,
            u1_0.created_at,
            u1_0.email,
            u1_0.name,
            u1_0.password 
        from
            users u1_0 
        where
            u1_0.email=?
2025-12-12 19:17:06.501 [Test worker] DEBUG org.hibernate.SQL - 
    /* SELECT
        u 
    FROM
        User u 
    WHERE
        u.email = :email */ select
            u1_0.id,
            u1_0.created_at,
            u1_0.email,
            u1_0.name,
            u1_0.password 
        from
            users u1_0 
        where
            u1_0.email=?
2025-12-12 19:17:06.502 [Test worker] DEBUG org.hibernate.SQL - 
    /* insert 
    for
        com.example.FitTracker.domain.WorkoutSession
        */insert 
    into
        workout_sessions (created_at, duration_minutes, notes, routine_id, user_id, workout_date, id) 
    values
        (?, ?, ?, ?, ?, ?, default)
2025-12-12 19:17:06.505 [Test worker] DEBUG org.hibernate.SQL - 
    /* SELECT
        u 
    FROM
        User u 
    WHERE
        u.email = :email */ select
            u1_0.id,
            u1_0.created_at,
            u1_0.email,
            u1_0.name,
            u1_0.password 
        from
            users u1_0 
        where
            u1_0.email=?
2025-12-12 19:17:06.508 [Test worker] DEBUG org.hibernate.SQL - 
    /* SELECT
        u 
    FROM
        User u 
    WHERE
        u.email = :email */ select
            u1_0.id,
            u1_0.created_at,
            u1_0.email,
            u1_0.name,
            u1_0.password 
        from
            users u1_0 
        where
            u1_0.email=?
2025-12-12 19:17:06.510 [Test worker] DEBUG org.hibernate.SQL - 
    /* SELECT
        w 
    FROM
        WorkoutSession w 
    WHERE
        w.id = :id 
        AND w.user.id = :userId */ select
            ws1_0.id,
            ws1_0.created_at,
            ws1_0.duration_minutes,
            ws1_0.notes,
            ws1_0.routine_id,
            ws1_0.user_id,
            ws1_0.workout_date 
        from
            workout_sessions ws1_0 
        where
            ws1_0.id=? 
            and ws1_0.user_id=?
2025-12-12 19:17:06.515 [Test worker] DEBUG org.hibernate.SQL - 
    /* insert 
    for
        com.example.FitTracker.domain.WorkoutSet
        */insert 
    into
        workout_sets (completed, exercise_type_id, reps, set_number, weight, workout_session_id, id) 
    values
        (?, ?, ?, ?, ?, ?, default)
2025-12-12 19:17:06.517 [Test worker] DEBUG org.hibernate.SQL - 
    /* SELECT
        u 
    FROM
        User u 
    WHERE
        u.email = :email */ select
            u1_0.id,
            u1_0.created_at,
            u1_0.email,
            u1_0.name,
            u1_0.password 
        from
            users u1_0 
        where
            u1_0.email=?
2025-12-12 19:17:06.520 [Test worker] DEBUG org.hibernate.SQL - 
    /* SELECT
        u 
    FROM
        User u 
    WHERE
        u.email = :email */ select
            u1_0.id,
            u1_0.created_at,
            u1_0.email,
            u1_0.name,
            u1_0.password 
        from
            users u1_0 
        where
            u1_0.email=?
2025-12-12 19:17:06.522 [Test worker] DEBUG org.hibernate.SQL - 
    /* SELECT
        w 
    FROM
        WorkoutSession w 
    WHERE
        w.id = :id 
        AND w.user.id = :userId */ select
            ws1_0.id,
            ws1_0.created_at,
            ws1_0.duration_minutes,
            ws1_0.notes,
            ws1_0.routine_id,
            ws1_0.user_id,
            ws1_0.workout_date 
        from
            workout_sessions ws1_0 
        where
            ws1_0.id=? 
            and ws1_0.user_id=?
2025-12-12 19:17:06.526 [Test worker] DEBUG org.hibernate.SQL - 
    /* insert 
    for
        com.example.FitTracker.domain.WorkoutSet
        */insert 
    into
        workout_sets (completed, exercise_type_id, reps, set_number, weight, workout_session_id, id) 
    values
        (?, ?, ?, ?, ?, ?, default)
2025-12-12 19:17:06.527 [Test worker] DEBUG org.hibernate.SQL - 
    /* SELECT
        u 
    FROM
        User u 
    WHERE
        u.email = :email */ select
            u1_0.id,
            u1_0.created_at,
            u1_0.email,
            u1_0.name,
            u1_0.password 
        from
            users u1_0 
        where
            u1_0.email=?
2025-12-12 19:17:06.530 [Test worker] DEBUG org.hibernate.SQL - 
    /* SELECT
        u 
    FROM
        User u 
    WHERE
        u.email = :email */ select
            u1_0.id,
            u1_0.created_at,
            u1_0.email,
            u1_0.name,
            u1_0.password 
        from
            users u1_0 
        where
            u1_0.email=?
2025-12-12 19:17:06.531 [Test worker] DEBUG org.hibernate.SQL - 
    /* SELECT
        w 
    FROM
        WorkoutSession w 
    WHERE
        w.id = :id 
        AND w.user.id = :userId */ select
            ws1_0.id,
            ws1_0.created_at,
            ws1_0.duration_minutes,
            ws1_0.notes,
            ws1_0.routine_id,
            ws1_0.user_id,
            ws1_0.workout_date 
        from
            workout_sessions ws1_0 
        where
            ws1_0.id=? 
            and ws1_0.user_id=?
2025-12-12 19:17:06.535 [Test worker] DEBUG org.hibernate.SQL - 
    /* insert 
    for
        com.example.FitTracker.domain.WorkoutSet
        */insert 
    into
        workout_sets (completed, exercise_type_id, reps, set_number, weight, workout_session_id, id) 
    values
        (?, ?, ?, ?, ?, ?, default)
2025-12-12 19:17:06.537 [Test worker] DEBUG org.hibernate.SQL - 
    /* SELECT
        u 
    FROM
        User u 
    WHERE
        u.email = :email */ select
            u1_0.id,
            u1_0.created_at,
            u1_0.email,
            u1_0.name,
            u1_0.password 
        from
            users u1_0 
        where
            u1_0.email=?
2025-12-12 19:17:06.540 [Test worker] ERROR c.e.F.e.GlobalExceptionHandler - 서버 오류 발생
org.springframework.web.bind.MissingServletRequestParameterException: Required request parameter 'endDate' for method parameter type LocalDate is not present
	at org.springframework.web.method.annotation.RequestParamMethodArgumentResolver.handleMissingValueInternal(RequestParamMethodArgumentResolver.java:219)
	at org.springframework.web.method.annotation.RequestParamMethodArgumentResolver.handleMissingValue(RequestParamMethodArgumentResolver.java:195)
	at org.springframework.web.method.annotation.AbstractNamedValueMethodArgumentResolver.resolveArgument(AbstractNamedValueMethodArgumentResolver.java:123)
	at org.springframework.web.method.support.HandlerMethodArgumentResolverComposite.resolveArgument(HandlerMethodArgumentResolverComposite.java:122)
	at org.springframework.web.method.support.InvocableHandlerMethod.getMethodArgumentValues(InvocableHandlerMethod.java:230)
	at org.springframework.web.method.support.InvocableHandlerMethod.invokeForRequest(InvocableHandlerMethod.java:180)
	at org.springframework.web.servlet.mvc.method.annotation.ServletInvocableHandlerMethod.invokeAndHandle(ServletInvocableHandlerMethod.java:117)
	at org.springframework.web.servlet.mvc.method.annotation.RequestMappingHandlerAdapter.invokeHandlerMethod(RequestMappingHandlerAdapter.java:934)
	at org.springframework.web.servlet.mvc.method.annotation.RequestMappingHandlerAdapter.handleInternal(RequestMappingHandlerAdapter.java:853)
	at org.springframework.web.servlet.mvc.method.AbstractHandlerMethodAdapter.handle(AbstractHandlerMethodAdapter.java:86)
	at org.springframework.web.servlet.DispatcherServlet.doDispatch(DispatcherServlet.java:963)
	at org.springframework.web.servlet.DispatcherServlet.doService(DispatcherServlet.java:866)
	at org.springframework.web.servlet.FrameworkServlet.processRequest(FrameworkServlet.java:1003)
	at org.springframework.web.servlet.FrameworkServlet.doGet(FrameworkServlet.java:892)
	at jakarta.servlet.http.HttpServlet.service(HttpServlet.java:622)
	at org.springframework.web.servlet.FrameworkServlet.service(FrameworkServlet.java:874)
	at org.springframework.test.web.servlet.TestDispatcherServlet.service(TestDispatcherServlet.java:72)
	at jakarta.servlet.http.HttpServlet.service(HttpServlet.java:710)
	at org.springframework.mock.web.MockFilterChain$ServletFilterProxy.doFilter(MockFilterChain.java:160)
	at org.springframework.mock.web.MockFilterChain.doFilter(MockFilterChain.java:127)
	at org.springframework.web.filter.CompositeFilter$VirtualFilterChain.doFilter(CompositeFilter.java:108)
	at org.springframework.security.web.FilterChainProxy.lambda$doFilterInternal$3(FilterChainProxy.java:235)
	at org.springframework.security.web.FilterChainProxy$VirtualFilterChain.doFilter(FilterChainProxy.java:371)
	at org.springframework.security.web.access.intercept.AuthorizationFilter.doFilter(AuthorizationFilter.java:101)
	at org.springframework.security.web.FilterChainProxy$VirtualFilterChain.doFilter(FilterChainProxy.java:380)
	at org.springframework.security.web.access.ExceptionTranslationFilter.doFilter(ExceptionTranslationFilter.java:126)
	at org.springframework.security.web.access.ExceptionTranslationFilter.doFilter(ExceptionTranslationFilter.java:120)
	at org.springframework.security.web.FilterChainProxy$VirtualFilterChain.doFilter(FilterChainProxy.java:380)
	at org.springframework.security.web.session.SessionManagementFilter.doFilter(SessionManagementFilter.java:132)
	at org.springframework.security.web.session.SessionManagementFilter.doFilter(SessionManagementFilter.java:86)
	at org.springframework.security.web.FilterChainProxy$VirtualFilterChain.doFilter(FilterChainProxy.java:380)
	at org.springframework.security.web.authentication.AnonymousAuthenticationFilter.doFilter(AnonymousAuthenticationFilter.java:100)
	at org.springframework.security.web.FilterChainProxy$VirtualFilterChain.doFilter(FilterChainProxy.java:380)
	at org.springframework.security.web.servletapi.SecurityContextHolderAwareRequestFilter.doFilter(SecurityContextHolderAwareRequestFilter.java:181)
	at org.springframework.security.web.FilterChainProxy$VirtualFilterChain.doFilter(FilterChainProxy.java:380)
	at org.springframework.security.web.savedrequest.RequestCacheAwareFilter.doFilter(RequestCacheAwareFilter.java:63)
	at org.springframework.security.web.FilterChainProxy$VirtualFilterChain.doFilter(FilterChainProxy.java:380)
	at com.example.FitTracker.security.JwtAuthenticationFilter.doFilterInternal(JwtAuthenticationFilter.java:52)
	at org.springframework.web.filter.OncePerRequestFilter.doFilter(OncePerRequestFilter.java:116)
	at org.springframework.security.web.FilterChainProxy$VirtualFilterChain.doFilter(FilterChainProxy.java:380)
	at org.springframework.security.web.authentication.logout.LogoutFilter.doFilter(LogoutFilter.java:110)
	at org.springframework.security.web.authentication.logout.LogoutFilter.doFilter(LogoutFilter.java:96)
	at org.springframework.security.web.FilterChainProxy$VirtualFilterChain.doFilter(FilterChainProxy.java:380)
	at org.springframework.security.web.header.HeaderWriterFilter.doHeadersAfter(HeaderWriterFilter.java:90)
	at org.springframework.security.web.header.HeaderWriterFilter.doFilterInternal(HeaderWriterFilter.java:75)
	at org.springframework.web.filter.OncePerRequestFilter.doFilter(OncePerRequestFilter.java:116)
	at org.springframework.security.web.FilterChainProxy$VirtualFilterChain.doFilter(FilterChainProxy.java:380)
	at org.springframework.security.web.context.SecurityContextHolderFilter.doFilter(SecurityContextHolderFilter.java:82)
	at org.springframework.security.web.context.SecurityContextHolderFilter.doFilter(SecurityContextHolderFilter.java:69)
	at org.springframework.security.web.FilterChainProxy$VirtualFilterChain.doFilter(FilterChainProxy.java:380)
	at org.springframework.security.web.context.request.async.WebAsyncManagerIntegrationFilter.doFilterInternal(WebAsyncManagerIntegrationFilter.java:62)
	at org.springframework.web.filter.OncePerRequestFilter.doFilter(OncePerRequestFilter.java:116)
	at org.springframework.security.web.FilterChainProxy$VirtualFilterChain.doFilter(FilterChainProxy.java:380)
	at org.springframework.security.web.session.DisableEncodeUrlFilter.doFilterInternal(DisableEncodeUrlFilter.java:42)
	at org.springframework.web.filter.OncePerRequestFilter.doFilter(OncePerRequestFilter.java:116)
	at org.springframework.security.web.FilterChainProxy$VirtualFilterChain.doFilter(FilterChainProxy.java:380)
	at org.springframework.security.web.FilterChainProxy.doFilterInternal(FilterChainProxy.java:237)
	at org.springframework.security.web.FilterChainProxy.doFilter(FilterChainProxy.java:195)
	at org.springframework.web.filter.CompositeFilter$VirtualFilterChain.doFilter(CompositeFilter.java:113)
	at org.springframework.web.filter.ServletRequestPathFilter.doFilter(ServletRequestPathFilter.java:52)
	at org.springframework.web.filter.CompositeFilter$VirtualFilterChain.doFilter(CompositeFilter.java:113)
	at org.springframework.web.filter.CompositeFilter.doFilter(CompositeFilter.java:74)
	at org.springframework.security.config.annotation.web.configuration.WebSecurityConfiguration$CompositeFilterChainProxy.doFilter(WebSecurityConfiguration.java:317)
	at org.springframework.security.test.web.servlet.setup.SecurityMockMvcConfigurer$DelegateFilter.doFilter(SecurityMockMvcConfigurer.java:135)
	at org.springframework.mock.web.MockFilterChain.doFilter(MockFilterChain.java:127)
	at org.springframework.test.web.servlet.MockMvc.perform(MockMvc.java:199)
	at com.example.FitTracker.integration.StatsIntegrationTest.getWeeklyStats_fail_missingParams(StatsIntegrationTest.java:202)
	at java.base/jdk.internal.reflect.DirectMethodHandleAccessor.invoke(DirectMethodHandleAccessor.java:103)
	at java.base/java.lang.reflect.Method.invoke(Method.java:580)
	at org.junit.platform.commons.util.ReflectionUtils.invokeMethod(ReflectionUtils.java:701)
	at org.junit.platform.commons.support.ReflectionSupport.invokeMethod(ReflectionSupport.java:502)
	at org.junit.jupiter.engine.support.MethodReflectionUtils.invoke(MethodReflectionUtils.java:45)
	at org.junit.jupiter.engine.execution.MethodInvocation.proceed(MethodInvocation.java:61)
	at org.junit.jupiter.engine.execution.InvocationInterceptorChain$ValidatingInvocation.proceed(InvocationInterceptorChain.java:124)
	at org.junit.jupiter.engine.extension.TimeoutExtension.intercept(TimeoutExtension.java:163)
	at org.junit.jupiter.engine.extension.TimeoutExtension.interceptTestableMethod(TimeoutExtension.java:148)
	at org.junit.jupiter.engine.extension.TimeoutExtension.interceptTestMethod(TimeoutExtension.java:86)
	at org.junit.jupiter.engine.execution.InterceptingExecutableInvoker$ReflectiveInterceptorCall.lambda$ofVoidMethod$0(InterceptingExecutableInvoker.java:123)
	at org.junit.jupiter.engine.execution.InterceptingExecutableInvoker.lambda$invoke$0(InterceptingExecutableInvoker.java:105)
	at org.junit.jupiter.engine.execution.InvocationInterceptorChain$InterceptedInvocation.proceed(InvocationInterceptorChain.java:99)
	at org.junit.jupiter.engine.execution.InvocationInterceptorChain.proceed(InvocationInterceptorChain.java:66)
	at org.junit.jupiter.engine.execution.InvocationInterceptorChain.chainAndInvoke(InvocationInterceptorChain.java:47)
	at org.junit.jupiter.engine.execution.InvocationInterceptorChain.invoke(InvocationInterceptorChain.java:39)
	at org.junit.jupiter.engine.execution.InterceptingExecutableInvoker.invoke(InterceptingExecutableInvoker.java:104)
	at org.junit.jupiter.engine.execution.InterceptingExecutableInvoker.invoke(InterceptingExecutableInvoker.java:98)
	at org.junit.jupiter.engine.execution.InterceptingExecutableInvoker.invokeVoid(InterceptingExecutableInvoker.java:71)
	at org.junit.jupiter.engine.descriptor.TestMethodTestDescriptor.lambda$invokeTestMethod$0(TestMethodTestDescriptor.java:219)
	at org.junit.platform.engine.support.hierarchical.ThrowableCollector.execute(ThrowableCollector.java:74)
	at org.junit.jupiter.engine.descriptor.TestMethodTestDescriptor.invokeTestMethod(TestMethodTestDescriptor.java:215)
	at org.junit.jupiter.engine.descriptor.TestMethodTestDescriptor.execute(TestMethodTestDescriptor.java:157)
	at org.junit.jupiter.engine.descriptor.TestMethodTestDescriptor.execute(TestMethodTestDescriptor.java:70)
	at org.junit.platform.engine.support.hierarchical.NodeTestTask.lambda$executeRecursively$2(NodeTestTask.java:176)
	at org.junit.platform.engine.support.hierarchical.ThrowableCollector.execute(ThrowableCollector.java:74)
	at org.junit.platform.engine.support.hierarchical.NodeTestTask.lambda$executeRecursively$1(NodeTestTask.java:166)
	at org.junit.platform.engine.support.hierarchical.Node.around(Node.java:138)
	at org.junit.platform.engine.support.hierarchical.NodeTestTask.lambda$executeRecursively$0(NodeTestTask.java:164)
	at org.junit.platform.engine.support.hierarchical.ThrowableCollector.execute(ThrowableCollector.java:74)
	at org.junit.platform.engine.support.hierarchical.NodeTestTask.executeRecursively(NodeTestTask.java:163)
	at org.junit.platform.engine.support.hierarchical.NodeTestTask.execute(NodeTestTask.java:116)
	at java.base/java.util.ArrayList.forEach(ArrayList.java:1596)
	at org.junit.platform.engine.support.hierarchical.SameThreadHierarchicalTestExecutorService.invokeAll(SameThreadHierarchicalTestExecutorService.java:42)
	at org.junit.platform.engine.support.hierarchical.NodeTestTask.lambda$executeRecursively$2(NodeTestTask.java:180)
	at org.junit.platform.engine.support.hierarchical.ThrowableCollector.execute(ThrowableCollector.java:74)
	at org.junit.platform.engine.support.hierarchical.NodeTestTask.lambda$executeRecursively$1(NodeTestTask.java:166)
	at org.junit.platform.engine.support.hierarchical.Node.around(Node.java:138)
	at org.junit.platform.engine.support.hierarchical.NodeTestTask.lambda$executeRecursively$0(NodeTestTask.java:164)
	at org.junit.platform.engine.support.hierarchical.ThrowableCollector.execute(ThrowableCollector.java:74)
	at org.junit.platform.engine.support.hierarchical.NodeTestTask.executeRecursively(NodeTestTask.java:163)
	at org.junit.platform.engine.support.hierarchical.NodeTestTask.execute(NodeTestTask.java:116)
	at java.base/java.util.ArrayList.forEach(ArrayList.java:1596)
	at org.junit.platform.engine.support.hierarchical.SameThreadHierarchicalTestExecutorService.invokeAll(SameThreadHierarchicalTestExecutorService.java:42)
	at org.junit.platform.engine.support.hierarchical.NodeTestTask.lambda$executeRecursively$2(NodeTestTask.java:180)
	at org.junit.platform.engine.support.hierarchical.ThrowableCollector.execute(ThrowableCollector.java:74)
	at org.junit.platform.engine.support.hierarchical.NodeTestTask.lambda$executeRecursively$1(NodeTestTask.java:166)
	at org.junit.platform.engine.support.hierarchical.Node.around(Node.java:138)
	at org.junit.platform.engine.support.hierarchical.NodeTestTask.lambda$executeRecursively$0(NodeTestTask.java:164)
	at org.junit.platform.engine.support.hierarchical.ThrowableCollector.execute(ThrowableCollector.java:74)
	at org.junit.platform.engine.support.hierarchical.NodeTestTask.executeRecursively(NodeTestTask.java:163)
	at org.junit.platform.engine.support.hierarchical.NodeTestTask.execute(NodeTestTask.java:116)
	at org.junit.platform.engine.support.hierarchical.SameThreadHierarchicalTestExecutorService.submit(SameThreadHierarchicalTestExecutorService.java:36)
	at org.junit.platform.engine.support.hierarchical.HierarchicalTestExecutor.execute(HierarchicalTestExecutor.java:52)
	at org.junit.platform.engine.support.hierarchical.HierarchicalTestEngine.execute(HierarchicalTestEngine.java:58)
	at org.junit.platform.launcher.core.EngineExecutionOrchestrator.executeEngine(EngineExecutionOrchestrator.java:246)
	at org.junit.platform.launcher.core.EngineExecutionOrchestrator.failOrExecuteEngine(EngineExecutionOrchestrator.java:218)
	at org.junit.platform.launcher.core.EngineExecutionOrchestrator.execute(EngineExecutionOrchestrator.java:179)
	at org.junit.platform.launcher.core.EngineExecutionOrchestrator.execute(EngineExecutionOrchestrator.java:108)
	at org.junit.platform.launcher.core.EngineExecutionOrchestrator.lambda$execute$0(EngineExecutionOrchestrator.java:66)
	at org.junit.platform.launcher.core.EngineExecutionOrchestrator.withInterceptedStreams(EngineExecutionOrchestrator.java:157)
	at org.junit.platform.launcher.core.EngineExecutionOrchestrator.execute(EngineExecutionOrchestrator.java:65)
	at org.junit.platform.launcher.core.DefaultLauncher.execute(DefaultLauncher.java:125)
	at org.junit.platform.launcher.core.DefaultLauncher.execute(DefaultLauncher.java:114)
	at org.junit.platform.launcher.core.DefaultLauncher.execute(DefaultLauncher.java:93)
	at org.junit.platform.launcher.core.DelegatingLauncher.execute(DelegatingLauncher.java:48)
	at org.junit.platform.launcher.core.InterceptingLauncher.lambda$execute$0(InterceptingLauncher.java:41)
	at org.junit.platform.launcher.core.ClasspathAlignmentCheckingLauncherInterceptor.intercept(ClasspathAlignmentCheckingLauncherInterceptor.java:25)
	at org.junit.platform.launcher.core.InterceptingLauncher.execute(InterceptingLauncher.java:40)
	at org.junit.platform.launcher.core.DelegatingLauncher.execute(DelegatingLauncher.java:48)
	at org.gradle.api.internal.tasks.testing.junitplatform.JUnitPlatformTestClassProcessor$CollectAllTestClassesExecutor.processAllTestClasses(JUnitPlatformTestClassProcessor.java:135)
	at org.gradle.api.internal.tasks.testing.junitplatform.JUnitPlatformTestClassProcessor$CollectAllTestClassesExecutor.access$000(JUnitPlatformTestClassProcessor.java:110)
	at org.gradle.api.internal.tasks.testing.junitplatform.JUnitPlatformTestClassProcessor.stop(JUnitPlatformTestClassProcessor.java:104)
	at org.gradle.api.internal.tasks.testing.SuiteTestClassProcessor.stop(SuiteTestClassProcessor.java:64)
	at java.base/jdk.internal.reflect.DirectMethodHandleAccessor.invoke(DirectMethodHandleAccessor.java:103)
	at java.base/java.lang.reflect.Method.invoke(Method.java:580)
	at org.gradle.internal.dispatch.MethodInvocation.invokeOn(MethodInvocation.java:77)
	at org.gradle.internal.dispatch.ReflectionDispatch.dispatch(ReflectionDispatch.java:28)
	at org.gradle.internal.dispatch.ReflectionDispatch.dispatch(ReflectionDispatch.java:19)
	at org.gradle.internal.dispatch.ContextClassLoaderDispatch.dispatch(ContextClassLoaderDispatch.java:33)
	at org.gradle.internal.dispatch.ProxyDispatchAdapter$DispatchingInvocationHandler.invoke(ProxyDispatchAdapter.java:88)
	at jdk.proxy1/jdk.proxy1.$Proxy4.stop(Unknown Source)
	at org.gradle.api.internal.tasks.testing.worker.TestWorker$3.run(TestWorker.java:194)
	at org.gradle.api.internal.tasks.testing.worker.TestWorker.executeAndMaintainThreadName(TestWorker.java:126)
	at org.gradle.api.internal.tasks.testing.worker.TestWorker.execute(TestWorker.java:103)
	at org.gradle.api.internal.tasks.testing.worker.TestWorker.execute(TestWorker.java:63)
	at org.gradle.process.internal.worker.child.ActionExecutionWorker.execute(ActionExecutionWorker.java:56)
	at org.gradle.process.internal.worker.child.SystemApplicationClassLoaderWorker.call(SystemApplicationClassLoaderWorker.java:122)
	at org.gradle.process.internal.worker.child.SystemApplicationClassLoaderWorker.call(SystemApplicationClassLoaderWorker.java:72)
	at worker.org.gradle.process.internal.worker.GradleWorkerMain.run(GradleWorkerMain.java:69)
	at worker.org.gradle.process.internal.worker.GradleWorkerMain.main(GradleWorkerMain.java:74)

MockHttpServletRequest:
      HTTP Method = GET
      Request URI = /api/stats/weekly
       Parameters = {startDate=[2025-12-12]}
          Headers = [Content-Type:"application/json", Authorization:"Bearer eyJhbGciOiJIUzM4NCJ9.eyJzdWIiOiJ0ZXN0XzE3NjU1MzQ2MjYxMjFAdGVzdC5jb20iLCJpYXQiOjE3NjU1MzQ2MjYsImV4cCI6MTc2NTYyMTAyNn0.08dLz7tt8ZFcR-EKFpIl9K3bDYCqVl5uT4XzIvAV3QcYCCaoOQWZpts3JF4vEbSh"]
             Body = <no character encoding set>
    Session Attrs = {}

Handler:
             Type = com.example.FitTracker.controller.StatsController
           Method = com.example.FitTracker.controller.StatsController#getWeeklyStats(LocalDate, LocalDate)

Async:
    Async started = false
     Async result = null

Resolved Exception:
             Type = org.springframework.web.bind.MissingServletRequestParameterException

ModelAndView:
        View name = null
             View = null
            Model = null

FlashMap:
       Attributes = null

MockHttpServletResponse:
           Status = 500
    Error message = null
          Headers = [Content-Type:"application/json", X-Content-Type-Options:"nosniff", X-XSS-Protection:"0", Cache-Control:"no-cache, no-store, max-age=0, must-revalidate", Pragma:"no-cache", Expires:"0", X-Frame-Options:"DENY"]
     Content type = application/json
             Body = {"timestamp":"2025-12-12T19:17:06.546397","status":500,"error":"INTERNAL_SERVER_ERROR","message":"서버 오류가 발생했습니다. 잠시 후 다시 시도해주세요.","path":"/api/stats/weekly","validationErrors":null}
    Forwarded URL = null
   Redirected URL = null
          Cookies = []
2025-12-12 19:17:06.554 [Test worker] INFO  o.s.b.t.m.w.SpringBootMockServletContext - Initializing Spring TestDispatcherServlet ''
2025-12-12 19:17:06.554 [Test worker] INFO  o.s.t.w.s.TestDispatcherServlet - Initializing Servlet ''
2025-12-12 19:17:06.556 [Test worker] INFO  o.s.t.w.s.TestDispatcherServlet - Completed initialization in 2 ms
2025-12-12 19:17:06.558 [Test worker] DEBUG org.hibernate.SQL - 
    /* SELECT
        u.id id 
    FROM
        User u 
    WHERE
        u.email = :email */ select
            u1_0.id 
        from
            users u1_0 
        where
            u1_0.email=? 
        fetch
            first ? rows only
2025-12-12 19:17:06.639 [Test worker] DEBUG org.hibernate.SQL - 
    /* insert 
    for
        com.example.FitTracker.domain.User
        */insert 
    into
        users (created_at, email, name, password, id) 
    values
        (?, ?, ?, ?, default)
2025-12-12 19:17:06.643 [Test worker] DEBUG org.hibernate.SQL - 
    /* SELECT
        u 
    FROM
        User u 
    WHERE
        u.email = :email */ select
            u1_0.id,
            u1_0.created_at,
            u1_0.email,
            u1_0.name,
            u1_0.password 
        from
            users u1_0 
        where
            u1_0.email=?
2025-12-12 19:17:06.645 [Test worker] DEBUG org.hibernate.SQL - 
    /* SELECT
        u 
    FROM
        User u 
    WHERE
        u.email = :email */ select
            u1_0.id,
            u1_0.created_at,
            u1_0.email,
            u1_0.name,
            u1_0.password 
        from
            users u1_0 
        where
            u1_0.email=?
2025-12-12 19:17:06.646 [Test worker] DEBUG org.hibernate.SQL - 
    /* insert 
    for
        com.example.FitTracker.domain.WorkoutSession
        */insert 
    into
        workout_sessions (created_at, duration_minutes, notes, routine_id, user_id, workout_date, id) 
    values
        (?, ?, ?, ?, ?, ?, default)
2025-12-12 19:17:06.649 [Test worker] DEBUG org.hibernate.SQL - 
    /* SELECT
        u 
    FROM
        User u 
    WHERE
        u.email = :email */ select
            u1_0.id,
            u1_0.created_at,
            u1_0.email,
            u1_0.name,
            u1_0.password 
        from
            users u1_0 
        where
            u1_0.email=?
2025-12-12 19:17:06.652 [Test worker] DEBUG org.hibernate.SQL - 
    /* SELECT
        u 
    FROM
        User u 
    WHERE
        u.email = :email */ select
            u1_0.id,
            u1_0.created_at,
            u1_0.email,
            u1_0.name,
            u1_0.password 
        from
            users u1_0 
        where
            u1_0.email=?
2025-12-12 19:17:06.653 [Test worker] DEBUG org.hibernate.SQL - 
    /* SELECT
        w 
    FROM
        WorkoutSession w 
    WHERE
        w.id = :id 
        AND w.user.id = :userId */ select
            ws1_0.id,
            ws1_0.created_at,
            ws1_0.duration_minutes,
            ws1_0.notes,
            ws1_0.routine_id,
            ws1_0.user_id,
            ws1_0.workout_date 
        from
            workout_sessions ws1_0 
        where
            ws1_0.id=? 
            and ws1_0.user_id=?
2025-12-12 19:17:06.653 [Test worker] DEBUG org.hibernate.SQL - 
    select
        et1_0.id,
        et1_0.body_part,
        et1_0.description,
        et1_0.name 
    from
        exercise_types et1_0 
    where
        et1_0.id=?
2025-12-12 19:17:06.656 [Test worker] DEBUG org.hibernate.SQL - 
    /* insert 
    for
        com.example.FitTracker.domain.WorkoutSet
        */insert 
    into
        workout_sets (completed, exercise_type_id, reps, set_number, weight, workout_session_id, id) 
    values
        (?, ?, ?, ?, ?, ?, default)
2025-12-12 19:17:06.657 [Test worker] DEBUG org.hibernate.SQL - 
    /* SELECT
        u 
    FROM
        User u 
    WHERE
        u.email = :email */ select
            u1_0.id,
            u1_0.created_at,
            u1_0.email,
            u1_0.name,
            u1_0.password 
        from
            users u1_0 
        where
            u1_0.email=?
2025-12-12 19:17:06.659 [Test worker] DEBUG org.hibernate.SQL - 
    /* SELECT
        u 
    FROM
        User u 
    WHERE
        u.email = :email */ select
            u1_0.id,
            u1_0.created_at,
            u1_0.email,
            u1_0.name,
            u1_0.password 
        from
            users u1_0 
        where
            u1_0.email=?
2025-12-12 19:17:06.660 [Test worker] DEBUG org.hibernate.SQL - 
    /* SELECT
        w 
    FROM
        WorkoutSession w 
    WHERE
        w.id = :id 
        AND w.user.id = :userId */ select
            ws1_0.id,
            ws1_0.created_at,
            ws1_0.duration_minutes,
            ws1_0.notes,
            ws1_0.routine_id,
            ws1_0.user_id,
            ws1_0.workout_date 
        from
            workout_sessions ws1_0 
        where
            ws1_0.id=? 
            and ws1_0.user_id=?
2025-12-12 19:17:06.664 [Test worker] DEBUG org.hibernate.SQL - 
    /* insert 
    for
        com.example.FitTracker.domain.WorkoutSet
        */insert 
    into
        workout_sets (completed, exercise_type_id, reps, set_number, weight, workout_session_id, id) 
    values
        (?, ?, ?, ?, ?, ?, default)
2025-12-12 19:17:06.664 [Test worker] DEBUG org.hibernate.SQL - 
    /* SELECT
        u 
    FROM
        User u 
    WHERE
        u.email = :email */ select
            u1_0.id,
            u1_0.created_at,
            u1_0.email,
            u1_0.name,
            u1_0.password 
        from
            users u1_0 
        where
            u1_0.email=?
2025-12-12 19:17:06.666 [Test worker] DEBUG org.hibernate.SQL - 
    /* SELECT
        u 
    FROM
        User u 
    WHERE
        u.email = :email */ select
            u1_0.id,
            u1_0.created_at,
            u1_0.email,
            u1_0.name,
            u1_0.password 
        from
            users u1_0 
        where
            u1_0.email=?
2025-12-12 19:17:06.667 [Test worker] DEBUG org.hibernate.SQL - 
    /* SELECT
        w 
    FROM
        WorkoutSession w 
    WHERE
        w.id = :id 
        AND w.user.id = :userId */ select
            ws1_0.id,
            ws1_0.created_at,
            ws1_0.duration_minutes,
            ws1_0.notes,
            ws1_0.routine_id,
            ws1_0.user_id,
            ws1_0.workout_date 
        from
            workout_sessions ws1_0 
        where
            ws1_0.id=? 
            and ws1_0.user_id=?
2025-12-12 19:17:06.670 [Test worker] DEBUG org.hibernate.SQL - 
    /* insert 
    for
        com.example.FitTracker.domain.WorkoutSet
        */insert 
    into
        workout_sets (completed, exercise_type_id, reps, set_number, weight, workout_session_id, id) 
    values
        (?, ?, ?, ?, ?, ?, default)
2025-12-12 19:17:06.671 [Test worker] DEBUG org.hibernate.SQL - 
    /* SELECT
        u 
    FROM
        User u 
    WHERE
        u.email = :email */ select
            u1_0.id,
            u1_0.created_at,
            u1_0.email,
            u1_0.name,
            u1_0.password 
        from
            users u1_0 
        where
            u1_0.email=?
2025-12-12 19:17:06.673 [Test worker] DEBUG org.hibernate.SQL - 
    /* SELECT
        u 
    FROM
        User u 
    WHERE
        u.email = :email */ select
            u1_0.id,
            u1_0.created_at,
            u1_0.email,
            u1_0.name,
            u1_0.password 
        from
            users u1_0 
        where
            u1_0.email=?
2025-12-12 19:17:06.675 [Test worker] DEBUG org.hibernate.SQL - 
    /* insert 
    for
        com.example.FitTracker.domain.WorkoutSession
        */insert 
    into
        workout_sessions (created_at, duration_minutes, notes, routine_id, user_id, workout_date, id) 
    values
        (?, ?, ?, ?, ?, ?, default)
2025-12-12 19:17:06.678 [Test worker] DEBUG org.hibernate.SQL - 
    /* SELECT
        u 
    FROM
        User u 
    WHERE
        u.email = :email */ select
            u1_0.id,
            u1_0.created_at,
            u1_0.email,
            u1_0.name,
            u1_0.password 
        from
            users u1_0 
        where
            u1_0.email=?
2025-12-12 19:17:06.680 [Test worker] DEBUG org.hibernate.SQL - 
    /* SELECT
        u 
    FROM
        User u 
    WHERE
        u.email = :email */ select
            u1_0.id,
            u1_0.created_at,
            u1_0.email,
[...]
            users u1_0 
        where
            u1_0.email=?
2025-12-12 19:17:08.977 [Test worker] DEBUG org.hibernate.SQL - 
    /* SELECT
        w 
    FROM
        WorkoutSession w 
    WHERE
        w.id = :id 
        AND w.user.id = :userId */ select
            ws1_0.id,
            ws1_0.created_at,
            ws1_0.duration_minutes,
            ws1_0.notes,
            ws1_0.routine_id,
            ws1_0.user_id,
            ws1_0.workout_date 
        from
            workout_sessions ws1_0 
        where
            ws1_0.id=? 
            and ws1_0.user_id=?
2025-12-12 19:17:08.979 [Test worker] DEBUG org.hibernate.SQL - 
    /* insert 
    for
        com.example.FitTracker.domain.WorkoutSet
        */insert 
    into
        workout_sets (completed, exercise_type_id, reps, set_number, weight, workout_session_id, id) 
    values
        (?, ?, ?, ?, ?, ?, default)
2025-12-12 19:17:08.980 [Test worker] DEBUG org.hibernate.SQL - 
    /* SELECT
        u 
    FROM
        User u 
    WHERE
        u.email = :email */ select
            u1_0.id,
            u1_0.created_at,
            u1_0.email,
            u1_0.name,
            u1_0.password 
        from
            users u1_0 
        where
            u1_0.email=?
2025-12-12 19:17:08.982 [Test worker] DEBUG org.hibernate.SQL - 
    /* SELECT
        u 
    FROM
        User u 
    WHERE
        u.email = :email */ select
            u1_0.id,
            u1_0.created_at,
            u1_0.email,
            u1_0.name,
            u1_0.password 
        from
            users u1_0 
        where
            u1_0.email=?
2025-12-12 19:17:08.983 [Test worker] DEBUG org.hibernate.SQL - 
    /* SELECT
        w 
    FROM
        WorkoutSession w 
    WHERE
        w.id = :id 
        AND w.user.id = :userId */ select
            ws1_0.id,
            ws1_0.created_at,
            ws1_0.duration_minutes,
            ws1_0.notes,
            ws1_0.routine_id,
            ws1_0.user_id,
            ws1_0.workout_date 
        from
            workout_sessions ws1_0 
        where
            ws1_0.id=? 
            and ws1_0.user_id=?
2025-12-12 19:17:08.983 [Test worker] DEBUG org.hibernate.SQL - 
    select
        et1_0.id,
        et1_0.body_part,
        et1_0.description,
        et1_0.name 
    from
        exercise_types et1_0 
    where
        et1_0.id=?
2025-12-12 19:17:08.985 [Test worker] DEBUG org.hibernate.SQL - 
    /* insert 
    for
        com.example.FitTracker.domain.WorkoutSet
        */insert 
    into
        workout_sets (completed, exercise_type_id, reps, set_number, weight, workout_session_id, id) 
    values
        (?, ?, ?, ?, ?, ?, default)
2025-12-12 19:17:08.986 [Test worker] DEBUG org.hibernate.SQL - 
    /* SELECT
        u 
    FROM
        User u 
    WHERE
        u.email = :email */ select
            u1_0.id,
            u1_0.created_at,
            u1_0.email,
            u1_0.name,
            u1_0.password 
        from
            users u1_0 
        where
            u1_0.email=?
2025-12-12 19:17:08.987 [Test worker] DEBUG org.hibernate.SQL - 
    /* SELECT
        u 
    FROM
        User u 
    WHERE
        u.email = :email */ select
            u1_0.id,
            u1_0.created_at,
            u1_0.email,
            u1_0.name,
            u1_0.password 
        from
            users u1_0 
        where
            u1_0.email=?
2025-12-12 19:17:08.987 [Test worker] DEBUG org.hibernate.SQL - 
    /* SELECT
        w 
    FROM
        WorkoutSession w 
    WHERE
        w.id = :id 
        AND w.user.id = :userId */ select
            ws1_0.id,
            ws1_0.created_at,
            ws1_0.duration_minutes,
            ws1_0.notes,
            ws1_0.routine_id,
            ws1_0.user_id,
            ws1_0.workout_date 
        from
            workout_sessions ws1_0 
        where
            ws1_0.id=? 
            and ws1_0.user_id=?
2025-12-12 19:17:08.990 [Test worker] DEBUG org.hibernate.SQL - 
    /* insert 
    for
        com.example.FitTracker.domain.WorkoutSet
        */insert 
    into
        workout_sets (completed, exercise_type_id, reps, set_number, weight, workout_session_id, id) 
    values
        (?, ?, ?, ?, ?, ?, default)
2025-12-12 19:17:08.991 [Test worker] DEBUG org.hibernate.SQL - 
    /* SELECT
        u 
    FROM
        User u 
    WHERE
        u.email = :email */ select
            u1_0.id,
            u1_0.created_at,
            u1_0.email,
            u1_0.name,
            u1_0.password 
        from
            users u1_0 
        where
            u1_0.email=?
2025-12-12 19:17:08.992 [Test worker] DEBUG org.hibernate.SQL - 
    /* SELECT
        u 
    FROM
        User u 
    WHERE
        u.email = :email */ select
            u1_0.id,
            u1_0.created_at,
            u1_0.email,
            u1_0.name,
            u1_0.password 
        from
            users u1_0 
        where
            u1_0.email=?
2025-12-12 19:17:08.993 [Test worker] DEBUG org.hibernate.SQL - 
    /* insert 
    for
        com.example.FitTracker.domain.WorkoutSession
        */insert 
    into
        workout_sessions (created_at, duration_minutes, notes, routine_id, user_id, workout_date, id) 
    values
        (?, ?, ?, ?, ?, ?, default)
2025-12-12 19:17:08.996 [Test worker] DEBUG org.hibernate.SQL - 
    /* SELECT
        u 
    FROM
        User u 
    WHERE
        u.email = :email */ select
            u1_0.id,
            u1_0.created_at,
            u1_0.email,
            u1_0.name,
            u1_0.password 
        from
            users u1_0 
        where
            u1_0.email=?
2025-12-12 19:17:08.997 [Test worker] DEBUG org.hibernate.SQL - 
    /* SELECT
        u 
    FROM
        User u 
    WHERE
        u.email = :email */ select
            u1_0.id,
            u1_0.created_at,
            u1_0.email,
            u1_0.name,
            u1_0.password 
        from
            users u1_0 
        where
            u1_0.email=?
2025-12-12 19:17:08.998 [Test worker] DEBUG org.hibernate.SQL - 
    /* SELECT
        w 
    FROM
        WorkoutSession w 
    WHERE
        w.id = :id 
        AND w.user.id = :userId */ select
            ws1_0.id,
            ws1_0.created_at,
            ws1_0.duration_minutes,
            ws1_0.notes,
            ws1_0.routine_id,
            ws1_0.user_id,
            ws1_0.workout_date 
        from
            workout_sessions ws1_0 
        where
            ws1_0.id=? 
            and ws1_0.user_id=?
2025-12-12 19:17:09.000 [Test worker] DEBUG org.hibernate.SQL - 
    /* insert 
    for
        com.example.FitTracker.domain.WorkoutSet
        */insert 
    into
        workout_sets (completed, exercise_type_id, reps, set_number, weight, workout_session_id, id) 
    values
        (?, ?, ?, ?, ?, ?, default)
2025-12-12 19:17:09.000 [Test worker] DEBUG org.hibernate.SQL - 
    /* SELECT
        u 
    FROM
        User u 
    WHERE
        u.email = :email */ select
            u1_0.id,
            u1_0.created_at,
            u1_0.email,
            u1_0.name,
            u1_0.password 
        from
            users u1_0 
        where
            u1_0.email=?
2025-12-12 19:17:09.003 [Test worker] DEBUG org.hibernate.SQL - 
    /* SELECT
        u 
    FROM
        User u 
    WHERE
        u.email = :email */ select
            u1_0.id,
            u1_0.created_at,
            u1_0.email,
            u1_0.name,
            u1_0.password 
        from
            users u1_0 
        where
            u1_0.email=?
2025-12-12 19:17:09.004 [Test worker] DEBUG org.hibernate.SQL - 
    /* SELECT
        w 
    FROM
        WorkoutSession w 
    WHERE
        w.id = :id 
        AND w.user.id = :userId */ select
            ws1_0.id,
            ws1_0.created_at,
            ws1_0.duration_minutes,
            ws1_0.notes,
            ws1_0.routine_id,
            ws1_0.user_id,
            ws1_0.workout_date 
        from
            workout_sessions ws1_0 
        where
            ws1_0.id=? 
            and ws1_0.user_id=?
2025-12-12 19:17:09.007 [Test worker] DEBUG org.hibernate.SQL - 
    /* insert 
    for
        com.example.FitTracker.domain.WorkoutSet
        */insert 
    into
        workout_sets (completed, exercise_type_id, reps, set_number, weight, workout_session_id, id) 
    values
        (?, ?, ?, ?, ?, ?, default)
2025-12-12 19:17:09.008 [Test worker] DEBUG org.hibernate.SQL - 
    /* SELECT
        u 
    FROM
        User u 
    WHERE
        u.email = :email */ select
            u1_0.id,
            u1_0.created_at,
            u1_0.email,
            u1_0.name,
            u1_0.password 
        from
            users u1_0 
        where
            u1_0.email=?
2025-12-12 19:17:09.010 [Test worker] DEBUG org.hibernate.SQL - 
    /* SELECT
        u 
    FROM
        User u 
    WHERE
        u.email = :email */ select
            u1_0.id,
            u1_0.created_at,
            u1_0.email,
            u1_0.name,
            u1_0.password 
        from
            users u1_0 
        where
            u1_0.email=?
2025-12-12 19:17:09.010 [Test worker] DEBUG org.hibernate.SQL - 
    /* SELECT
        w 
    FROM
        WorkoutSession w 
    WHERE
        w.id = :id 
        AND w.user.id = :userId */ select
            ws1_0.id,
            ws1_0.created_at,
            ws1_0.duration_minutes,
            ws1_0.notes,
            ws1_0.routine_id,
            ws1_0.user_id,
            ws1_0.workout_date 
        from
            workout_sessions ws1_0 
        where
            ws1_0.id=? 
            and ws1_0.user_id=?
2025-12-12 19:17:09.013 [Test worker] DEBUG org.hibernate.SQL - 
    /* insert 
    for
        com.example.FitTracker.domain.WorkoutSet
        */insert 
    into
        workout_sets (completed, exercise_type_id, reps, set_number, weight, workout_session_id, id) 
    values
        (?, ?, ?, ?, ?, ?, default)
2025-12-12 19:17:09.013 [Test worker] DEBUG org.hibernate.SQL - 
    /* SELECT
        u 
    FROM
        User u 
    WHERE
        u.email = :email */ select
            u1_0.id,
            u1_0.created_at,
            u1_0.email,
            u1_0.name,
            u1_0.password 
        from
            users u1_0 
        where
            u1_0.email=?
2025-12-12 19:17:09.014 [Test worker] DEBUG org.hibernate.SQL - 
    /* SELECT
        u 
    FROM
        User u 
    WHERE
        u.email = :email */ select
            u1_0.id,
            u1_0.created_at,
            u1_0.email,
            u1_0.name,
            u1_0.password 
        from
            users u1_0 
        where
            u1_0.email=?
2025-12-12 19:17:09.015 [Test worker] DEBUG org.hibernate.SQL - 
    /* SELECT
        w 
    FROM
        WorkoutSession w 
    WHERE
        w.id = :id 
        AND w.user.id = :userId */ select
            ws1_0.id,
            ws1_0.created_at,
            ws1_0.duration_minutes,
            ws1_0.notes,
            ws1_0.routine_id,
            ws1_0.user_id,
            ws1_0.workout_date 
        from
            workout_sessions ws1_0 
        where
            ws1_0.id=? 
            and ws1_0.user_id=?
2025-12-12 19:17:09.018 [Test worker] DEBUG org.hibernate.SQL - 
    /* insert 
    for
        com.example.FitTracker.domain.WorkoutSet
        */insert 
    into
        workout_sets (completed, exercise_type_id, reps, set_number, weight, workout_session_id, id) 
    values
        (?, ?, ?, ?, ?, ?, default)
2025-12-12 19:17:09.019 [Test worker] DEBUG org.hibernate.SQL - 
    /* SELECT
        u 
    FROM
        User u 
    WHERE
        u.email = :email */ select
            u1_0.id,
            u1_0.created_at,
            u1_0.email,
            u1_0.name,
            u1_0.password 
        from
            users u1_0 
        where
            u1_0.email=?
2025-12-12 19:17:09.020 [Test worker] DEBUG org.hibernate.SQL - 
    /* SELECT
        u 
    FROM
        User u 
    WHERE
        u.email = :email */ select
            u1_0.id,
            u1_0.created_at,
            u1_0.email,
            u1_0.name,
            u1_0.password 
        from
            users u1_0 
        where
            u1_0.email=?
2025-12-12 19:17:09.022 [Test worker] DEBUG org.hibernate.SQL - 
    /* insert 
    for
        com.example.FitTracker.domain.WorkoutSession
        */insert 
    into
        workout_sessions (created_at, duration_minutes, notes, routine_id, user_id, workout_date, id) 
    values
        (?, ?, ?, ?, ?, ?, default)
2025-12-12 19:17:09.024 [Test worker] DEBUG org.hibernate.SQL - 
    /* SELECT
        u 
    FROM
        User u 
    WHERE
        u.email = :email */ select
            u1_0.id,
            u1_0.created_at,
            u1_0.email,
            u1_0.name,
            u1_0.password 
        from
            users u1_0 
        where
            u1_0.email=?
2025-12-12 19:17:09.026 [Test worker] DEBUG org.hibernate.SQL - 
    /* SELECT
        u 
    FROM
        User u 
    WHERE
        u.email = :email */ select
            u1_0.id,
            u1_0.created_at,
            u1_0.email,
            u1_0.name,
            u1_0.password 
        from
            users u1_0 
        where
            u1_0.email=?
2025-12-12 19:17:09.026 [Test worker] DEBUG org.hibernate.SQL - 
    /* SELECT
        w 
    FROM
        WorkoutSession w 
    WHERE
        w.id = :id 
        AND w.user.id = :userId */ select
            ws1_0.id,
            ws1_0.created_at,
            ws1_0.duration_minutes,
            ws1_0.notes,
            ws1_0.routine_id,
            ws1_0.user_id,
            ws1_0.workout_date 
        from
            workout_sessions ws1_0 
        where
            ws1_0.id=? 
            and ws1_0.user_id=?
2025-12-12 19:17:09.028 [Test worker] DEBUG org.hibernate.SQL - 
    /* insert 
    for
        com.example.FitTracker.domain.WorkoutSet
        */insert 
    into
        workout_sets (completed, exercise_type_id, reps, set_number, weight, workout_session_id, id) 
    values
        (?, ?, ?, ?, ?, ?, default)
2025-12-12 19:17:09.029 [Test worker] DEBUG org.hibernate.SQL - 
    /* SELECT
        u 
    FROM
        User u 
    WHERE
        u.email = :email */ select
            u1_0.id,
            u1_0.created_at,
            u1_0.email,
            u1_0.name,
            u1_0.password 
        from
            users u1_0 
        where
            u1_0.email=?
2025-12-12 19:17:09.031 [Test worker] DEBUG org.hibernate.SQL - 
    /* SELECT
        u 
    FROM
        User u 
    WHERE
        u.email = :email */ select
            u1_0.id,
            u1_0.created_at,
            u1_0.email,
            u1_0.name,
            u1_0.password 
        from
            users u1_0 
        where
            u1_0.email=?
2025-12-12 19:17:09.032 [Test worker] DEBUG org.hibernate.SQL - 
    /* SELECT
        w 
    FROM
        WorkoutSession w 
    WHERE
        w.id = :id 
        AND w.user.id = :userId */ select
            ws1_0.id,
            ws1_0.created_at,
            ws1_0.duration_minutes,
            ws1_0.notes,
            ws1_0.routine_id,
            ws1_0.user_id,
            ws1_0.workout_date 
        from
            workout_sessions ws1_0 
        where
            ws1_0.id=? 
            and ws1_0.user_id=?
2025-12-12 19:17:09.034 [Test worker] DEBUG org.hibernate.SQL - 
    /* insert 
    for
        com.example.FitTracker.domain.WorkoutSet
        */insert 
    into
        workout_sets (completed, exercise_type_id, reps, set_number, weight, workout_session_id, id) 
    values
        (?, ?, ?, ?, ?, ?, default)
2025-12-12 19:17:09.035 [Test worker] DEBUG org.hibernate.SQL - 
    /* SELECT
        u 
    FROM
        User u 
    WHERE
        u.email = :email */ select
            u1_0.id,
            u1_0.created_at,
            u1_0.email,
            u1_0.name,
            u1_0.password 
        from
            users u1_0 
        where
            u1_0.email=?
2025-12-12 19:17:09.036 [Test worker] DEBUG org.hibernate.SQL - 
    /* SELECT
        u 
    FROM
        User u 
    WHERE
        u.email = :email */ select
            u1_0.id,
            u1_0.created_at,
            u1_0.email,
            u1_0.name,
            u1_0.password 
        from
            users u1_0 
        where
            u1_0.email=?
2025-12-12 19:17:09.038 [Test worker] DEBUG org.hibernate.SQL - 
    /* SELECT
        w 
    FROM
        WorkoutSession w 
    WHERE
        w.id = :id 
        AND w.user.id = :userId */ select
            ws1_0.id,
            ws1_0.created_at,
            ws1_0.duration_minutes,
            ws1_0.notes,
            ws1_0.routine_id,
            ws1_0.user_id,
            ws1_0.workout_date 
        from
            workout_sessions ws1_0 
        where
            ws1_0.id=? 
            and ws1_0.user_id=?
2025-12-12 19:17:09.041 [Test worker] DEBUG org.hibernate.SQL - 
    /* insert 
    for
        com.example.FitTracker.domain.WorkoutSet
        */insert 
    into
        workout_sets (completed, exercise_type_id, reps, set_number, weight, workout_session_id, id) 
    values
        (?, ?, ?, ?, ?, ?, default)
2025-12-12 19:17:09.042 [Test worker] DEBUG org.hibernate.SQL - 
    /* SELECT
        u 
    FROM
        User u 
    WHERE
        u.email = :email */ select
            u1_0.id,
            u1_0.created_at,
            u1_0.email,
            u1_0.name,
            u1_0.password 
        from
            users u1_0 
        where
            u1_0.email=?
2025-12-12 19:17:09.046 [Test worker] DEBUG org.hibernate.SQL - 
    /* SELECT
        u 
    FROM
        User u 
    WHERE
        u.email = :email */ select
            u1_0.id,
            u1_0.created_at,
            u1_0.email,
            u1_0.name,
            u1_0.password 
        from
            users u1_0 
        where
            u1_0.email=?
2025-12-12 19:17:09.047 [Test worker] DEBUG org.hibernate.SQL - 
    /* SELECT
        w 
    FROM
        WorkoutSession w 
    WHERE
        w.user.id = :userId 
        AND w.workoutDate BETWEEN :startDate AND :endDate */ select
            ws1_0.id,
            ws1_0.created_at,
            ws1_0.duration_minutes,
            ws1_0.notes,
            ws1_0.routine_id,
            ws1_0.user_id,
            ws1_0.workout_date 
        from
            workout_sessions ws1_0 
        where
            ws1_0.user_id=? 
            and ws1_0.workout_date between ? and ?

MockHttpServletRequest:
      HTTP Method = GET
      Request URI = /api/stats/monthly
       Parameters = {yearMonth=[2025-12]}
          Headers = [Content-Type:"application/json", Authorization:"Bearer eyJhbGciOiJIUzM4NCJ9.eyJzdWIiOiJ0ZXN0XzE3NjU1MzQ2Mjg3ODFAdGVzdC5jb20iLCJpYXQiOjE3NjU1MzQ2MjgsImV4cCI6MTc2NTYyMTAyOH0.J8I4eoEPtdXmeQyvvU9Yri1imcOy3th977RYK4r_clFvN1ND8M5IznwyOk5DPnmc"]
             Body = <no character encoding set>
    Session Attrs = {}

Handler:
             Type = com.example.FitTracker.controller.StatsController
           Method = com.example.FitTracker.controller.StatsController#getMonthlyStats(YearMonth)

Async:
    Async started = false
     Async result = null

Resolved Exception:
             Type = null

ModelAndView:
        View name = null
             View = null
            Model = null

FlashMap:
       Attributes = null

MockHttpServletResponse:
           Status = 200
    Error message = null
          Headers = [Content-Type:"application/json", X-Content-Type-Options:"nosniff", X-XSS-Protection:"0", Cache-Control:"no-cache, no-store, max-age=0, must-revalidate", Pragma:"no-cache", Expires:"0", X-Frame-Options:"DENY"]
     Content type = application/json
             Body = {"success":true,"message":"성공","data":{"yearMonth":"2025-12","totalWorkouts":8,"totalSets":26,"totalMinutes":480,"avgWorkoutsPerWeek":2.0,"totalDaysWorkedOut":8}}
    Forwarded URL = null
   Redirected URL = null
          Cookies = []
]]></system-out>
  <system-err><![CDATA[]]></system-err>
</testsuite>
