<?xml version="1.0" encoding="UTF-8"?>
<testsuite name="인증 API 통합 테스트" tests="8" skipped="0" failures="0" errors="0" timestamp="2025-12-12T10:17:01.614Z" hostname="SEOHAWON" time="1.315">
  <properties/>
  <testcase name="로그인 실패 - 잘못된 비밀번호" classname="com.example.FitTracker.integration.AuthIntegrationTest" time="0.748"/>
  <testcase name="로그인 성공" classname="com.example.FitTracker.integration.AuthIntegrationTest" time="0.226"/>
  <testcase name="회원가입 성공" classname="com.example.FitTracker.integration.AuthIntegrationTest" time="0.089"/>
  <testcase name="회원가입 실패 - 유효성 검증 (짧은 비밀번호)" classname="com.example.FitTracker.integration.AuthIntegrationTest" time="0.032"/>
  <testcase name="회원가입 실패 - 이메일 중복" classname="com.example.FitTracker.integration.AuthIntegrationTest" time="0.096"/>
  <testcase name="로그인 실패 - 필수 필드 누락" classname="com.example.FitTracker.integration.AuthIntegrationTest" time="0.016"/>
  <testcase name="회원가입 실패 - 유효성 검증 (잘못된 이메일 형식)" classname="com.example.FitTracker.integration.AuthIntegrationTest" time="0.013"/>
  <testcase name="로그인 실패 - 존재하지 않는 이메일" classname="com.example.FitTracker.integration.AuthIntegrationTest" time="0.087"/>
  <system-out><![CDATA[2025-12-12 19:16:59.473 [Test worker] INFO  o.s.t.c.s.AnnotationConfigContextLoaderUtils - Could not detect default configuration classes for test class [com.example.FitTracker.integration.AuthIntegrationTest]: AuthIntegrationTest does not declare any static, non-private, non-final, nested classes annotated with @Configuration.
2025-12-12 19:16:59.495 [Test worker] INFO  o.s.b.t.c.SpringBootTestContextBootstrapper - Found @SpringBootConfiguration com.example.FitTracker.FitTrackerApplication for test class com.example.FitTracker.integration.AuthIntegrationTest

  .   ____          _            __ _ _
 /\\ / ___'_ __ _ _(_)_ __  __ _ \ \ \ \
( ( )\___ | '_ | '_| | '_ \/ _` | \ \ \ \
 \\/  ___)| |_)| | | | | || (_| |  ) ) ) )
  '  |____| .__|_| |_|_| |_\__, | / / / /
 =========|_|==============|___/=/_/_/_/

 :: Spring Boot ::                (v4.0.0)

2025-12-12 19:16:59.579 [Test worker] INFO  c.e.F.i.AuthIntegrationTest - Starting AuthIntegrationTest using Java 21.0.8 with PID 36016 (started by hawon in C:\00_work\01_work\02_java\04_FitTracker\FitTracker)
2025-12-12 19:16:59.580 [Test worker] DEBUG c.e.F.i.AuthIntegrationTest - Running with Spring Boot v4.0.0, Spring v7.0.1
2025-12-12 19:16:59.580 [Test worker] INFO  c.e.F.i.AuthIntegrationTest - The following 1 profile is active: "test"
2025-12-12 19:17:00.040 [Test worker] INFO  o.s.d.r.c.RepositoryConfigurationDelegate - Bootstrapping Spring Data JPA repositories in DEFAULT mode.
2025-12-12 19:17:00.102 [Test worker] INFO  o.s.d.r.c.RepositoryConfigurationDelegate - Finished Spring Data repository scanning in 58 ms. Found 8 JPA repository interfaces.
2025-12-12 19:17:00.248 [Test worker] INFO  o.h.jpa.internal.util.LogHelper - HHH000204: Processing PersistenceUnitInfo [name: default]
2025-12-12 19:17:00.288 [Test worker] INFO  o.s.o.j.p.SpringPersistenceUnitInfo - No LoadTimeWeaver setup: ignoring JPA class transformer
2025-12-12 19:17:00.291 [Test worker] INFO  com.zaxxer.hikari.HikariDataSource - HikariPool-2 - Starting...
2025-12-12 19:17:00.589 [Test worker] INFO  com.zaxxer.hikari.pool.HikariPool - HikariPool-2 - Added connection conn0: url=jdbc:h2:mem:testdb user=SA
2025-12-12 19:17:00.590 [Test worker] INFO  com.zaxxer.hikari.HikariDataSource - HikariPool-2 - Start completed.
2025-12-12 19:17:00.601 [Test worker] WARN  org.hibernate.orm.deprecation - HHH90000025: H2Dialect does not need to be specified explicitly using 'hibernate.dialect' (remove the property setting and it will be selected by default)
2025-12-12 19:17:00.615 [Test worker] INFO  o.hibernate.orm.connections.pooling - HHH10001005: Database info:
	Database JDBC URL [jdbc:h2:mem:testdb]
	Database driver: H2 JDBC Driver
	Database dialect: H2Dialect
	Database version: 2.4.240
	Default catalog/schema: TESTDB/PUBLIC
	Autocommit mode: undefined/unknown
	Isolation level: READ_COMMITTED [default READ_COMMITTED]
	JDBC fetch size: 100
	Pool: DatasourceConnectionProviderImpl
	Minimum pool size: undefined/unknown
	Maximum pool size: undefined/unknown
2025-12-12 19:17:00.863 [Test worker] INFO  o.h.e.t.j.p.i.JtaPlatformInitiator - HHH000489: No JTA platform available (set 'hibernate.transaction.jta.platform' to enable JTA platform integration)
2025-12-12 19:17:00.869 [Test worker] DEBUG org.hibernate.SQL - 
    drop table if exists exercise_types cascade 
2025-12-12 19:17:00.871 [Test worker] DEBUG org.hibernate.SQL - 
    drop table if exists goals cascade 
2025-12-12 19:17:00.872 [Test worker] DEBUG org.hibernate.SQL - 
    drop table if exists refresh_tokens cascade 
2025-12-12 19:17:00.873 [Test worker] DEBUG org.hibernate.SQL - 
    drop table if exists routine_exercises cascade 
2025-12-12 19:17:00.873 [Test worker] DEBUG org.hibernate.SQL - 
    drop table if exists routines cascade 
2025-12-12 19:17:00.873 [Test worker] DEBUG org.hibernate.SQL - 
    drop table if exists users cascade 
2025-12-12 19:17:00.874 [Test worker] DEBUG org.hibernate.SQL - 
    drop table if exists workout_sessions cascade 
2025-12-12 19:17:00.874 [Test worker] DEBUG org.hibernate.SQL - 
    drop table if exists workout_sets cascade 
2025-12-12 19:17:00.881 [Test worker] DEBUG org.hibernate.SQL - 
    create table exercise_types (
        id bigint generated by default as identity,
        body_part varchar(50) not null,
        name varchar(100) not null,
        description TEXT,
        primary key (id)
    )
2025-12-12 19:17:00.898 [Test worker] DEBUG org.hibernate.SQL - 
    create table goals (
        current_value integer,
        target_date date,
        target_value integer,
        id bigint generated by default as identity,
        user_id bigint not null,
        description TEXT,
        title varchar(255) not null,
        status enum ('COMPLETED','FAILED','IN_PROGRESS') not null,
        type enum ('FREQUENCY','REPS','WEIGHT') not null,
        primary key (id)
    )
2025-12-12 19:17:00.901 [Test worker] DEBUG org.hibernate.SQL - 
    create table refresh_tokens (
        created_at timestamp(6) not null,
        expires_at timestamp(6) not null,
        id bigint generated by default as identity,
        user_id bigint not null,
        token varchar(255) not null unique,
        primary key (id)
    )
2025-12-12 19:17:00.907 [Test worker] DEBUG org.hibernate.SQL - 
    create table routine_exercises (
        order_index integer not null,
        target_reps integer not null,
        target_sets integer not null,
        target_weight numeric(5,2),
        exercise_type_id bigint not null,
        id bigint generated by default as identity,
        routine_id bigint not null,
        primary key (id)
    )
2025-12-12 19:17:00.909 [Test worker] DEBUG org.hibernate.SQL - 
    create table routines (
        created_at timestamp(6) not null,
        id bigint generated by default as identity,
        user_id bigint not null,
        name varchar(100) not null,
        description TEXT,
        primary key (id)
    )
2025-12-12 19:17:00.911 [Test worker] DEBUG org.hibernate.SQL - 
    create table users (
        created_at timestamp(6) not null,
        id bigint generated by default as identity,
        name varchar(50) not null,
        email varchar(100) not null unique,
        password varchar(255) not null,
        primary key (id)
    )
2025-12-12 19:17:00.913 [Test worker] DEBUG org.hibernate.SQL - 
    create table workout_sessions (
        duration_minutes integer,
        workout_date date not null,
        created_at timestamp(6) not null,
        id bigint generated by default as identity,
        routine_id bigint,
        user_id bigint not null,
        notes TEXT,
        primary key (id)
    )
2025-12-12 19:17:00.915 [Test worker] DEBUG org.hibernate.SQL - 
    create table workout_sets (
        completed boolean not null,
        reps integer not null,
        set_number integer not null,
        weight numeric(5,2),
        exercise_type_id bigint not null,
        id bigint generated by default as identity,
        workout_session_id bigint not null,
        primary key (id)
    )
2025-12-12 19:17:00.918 [Test worker] DEBUG org.hibernate.SQL - 
    create index idx_user_date 
       on workout_sessions (user_id, workout_date)
2025-12-12 19:17:00.920 [Test worker] DEBUG org.hibernate.SQL - 
    create index idx_workout_date 
       on workout_sessions (workout_date)
2025-12-12 19:17:00.921 [Test worker] DEBUG org.hibernate.SQL - 
    create index idx_session_exercise 
       on workout_sets (workout_session_id, exercise_type_id)
2025-12-12 19:17:00.922 [Test worker] DEBUG org.hibernate.SQL - 
    alter table if exists goals 
       add constraint FKb1mp6ulyqkpcw6bc1a2mr7v1g 
       foreign key (user_id) 
       references users
2025-12-12 19:17:00.946 [Test worker] DEBUG org.hibernate.SQL - 
    alter table if exists refresh_tokens 
       add constraint FK1lih5y2npsf8u5o3vhdb9y0os 
       foreign key (user_id) 
       references users
2025-12-12 19:17:00.948 [Test worker] DEBUG org.hibernate.SQL - 
    alter table if exists routine_exercises 
       add constraint FKa82xp9y7koo56evvct9rqvbwi 
       foreign key (exercise_type_id) 
       references exercise_types
2025-12-12 19:17:00.953 [Test worker] DEBUG org.hibernate.SQL - 
    alter table if exists routine_exercises 
       add constraint FK85bhq039u7fg33l5n92wqn9m 
       foreign key (routine_id) 
       references routines
2025-12-12 19:17:00.956 [Test worker] DEBUG org.hibernate.SQL - 
    alter table if exists routines 
       add constraint FKlsu2ed1i9h7w7j9i3t5nhqyka 
       foreign key (user_id) 
       references users
2025-12-12 19:17:00.958 [Test worker] DEBUG org.hibernate.SQL - 
    alter table if exists workout_sessions 
       add constraint FK4q6pnw9nar0dxwb0qsofyefea 
       foreign key (routine_id) 
       references routines
2025-12-12 19:17:00.960 [Test worker] DEBUG org.hibernate.SQL - 
    alter table if exists workout_sessions 
       add constraint FKfwqciawyjntpphp080wpa37ge 
       foreign key (user_id) 
       references users
2025-12-12 19:17:00.961 [Test worker] DEBUG org.hibernate.SQL - 
    alter table if exists workout_sets 
       add constraint FKlnep1q9bb0sr33d8j3a6ptd9b 
       foreign key (exercise_type_id) 
       references exercise_types
2025-12-12 19:17:00.963 [Test worker] DEBUG org.hibernate.SQL - 
    alter table if exists workout_sets 
       add constraint FKq8nwkebw5bky75pxwv885p6uo 
       foreign key (workout_session_id) 
       references workout_sessions
2025-12-12 19:17:00.970 [Test worker] INFO  o.s.o.j.LocalContainerEntityManagerFactoryBean - Initialized JPA EntityManagerFactory for persistence unit 'default'
2025-12-12 19:17:01.045 [Test worker] INFO  o.s.s.c.a.a.c.InitializeUserDetailsBeanManagerConfigurer$InitializeUserDetailsManagerConfigurer - Global AuthenticationManager configured with UserDetailsService bean with name customUserDetailsService
2025-12-12 19:17:01.191 [Test worker] WARN  o.s.b.j.a.JpaBaseConfiguration$JpaWebConfiguration - spring.jpa.open-in-view is enabled by default. Therefore, database queries may be performed during view rendering. Explicitly configure spring.jpa.open-in-view to disable this warning
2025-12-12 19:17:01.517 [Test worker] INFO  c.e.F.i.AuthIntegrationTest - Started AuthIntegrationTest in 2.016 seconds (process running for 14.807)
2025-12-12 19:17:01.521 [Test worker] DEBUG org.hibernate.SQL - 
    /* select
        count(*) 
    from
        ExerciseType x */ select
            count(*) 
        from
            exercise_types et1_0
2025-12-12 19:17:01.541 [Test worker] INFO  c.e.F.config.ExerciseDataLoader - 운동 종목 데이터 초기화를 시작합니다...
2025-12-12 19:17:01.544 [Test worker] DEBUG org.hibernate.SQL - 
    /* insert 
    for
        com.example.FitTracker.domain.ExerciseType
        */insert 
    into
        exercise_types (body_part, description, name, id) 
    values
        (?, ?, ?, default)
2025-12-12 19:17:01.551 [Test worker] DEBUG org.hibernate.SQL - 
    /* insert 
    for
        com.example.FitTracker.domain.ExerciseType
        */insert 
    into
        exercise_types (body_part, description, name, id) 
    values
        (?, ?, ?, default)
2025-12-12 19:17:01.552 [Test worker] DEBUG org.hibernate.SQL - 
    /* insert 
    for
        com.example.FitTracker.domain.ExerciseType
        */insert 
    into
        exercise_types (body_part, description, name, id) 
    values
        (?, ?, ?, default)
2025-12-12 19:17:01.553 [Test worker] DEBUG org.hibernate.SQL - 
    /* insert 
    for
        com.example.FitTracker.domain.ExerciseType
        */insert 
    into
        exercise_types (body_part, description, name, id) 
    values
        (?, ?, ?, default)
2025-12-12 19:17:01.553 [Test worker] DEBUG org.hibernate.SQL - 
    /* insert 
    for
        com.example.FitTracker.domain.ExerciseType
        */insert 
    into
        exercise_types (body_part, description, name, id) 
    values
        (?, ?, ?, default)
2025-12-12 19:17:01.554 [Test worker] DEBUG org.hibernate.SQL - 
    /* insert 
    for
        com.example.FitTracker.domain.ExerciseType
        */insert 
    into
        exercise_types (body_part, description, name, id) 
    values
        (?, ?, ?, default)
2025-12-12 19:17:01.555 [Test worker] DEBUG org.hibernate.SQL - 
    /* insert 
    for
        com.example.FitTracker.domain.ExerciseType
        */insert 
    into
        exercise_types (body_part, description, name, id) 
    values
        (?, ?, ?, default)
2025-12-12 19:17:01.555 [Test worker] DEBUG org.hibernate.SQL - 
    /* insert 
    for
        com.example.FitTracker.domain.ExerciseType
        */insert 
    into
        exercise_types (body_part, description, name, id) 
    values
        (?, ?, ?, default)
2025-12-12 19:17:01.557 [Test worker] DEBUG org.hibernate.SQL - 
    /* insert 
    for
        com.example.FitTracker.domain.ExerciseType
        */insert 
    into
        exercise_types (body_part, description, name, id) 
    values
        (?, ?, ?, default)
2025-12-12 19:17:01.558 [Test worker] DEBUG org.hibernate.SQL - 
    /* insert 
    for
        com.example.FitTracker.domain.ExerciseType
        */insert 
    into
        exercise_types (body_part, description, name, id) 
    values
        (?, ?, ?, default)
2025-12-12 19:17:01.559 [Test worker] DEBUG org.hibernate.SQL - 
    /* insert 
    for
        com.example.FitTracker.domain.ExerciseType
        */insert 
    into
        exercise_types (body_part, description, name, id) 
    values
        (?, ?, ?, default)
2025-12-12 19:17:01.560 [Test worker] DEBUG org.hibernate.SQL - 
    /* insert 
    for
        com.example.FitTracker.domain.ExerciseType
        */insert 
    into
        exercise_types (body_part, description, name, id) 
    values
        (?, ?, ?, default)
2025-12-12 19:17:01.561 [Test worker] DEBUG org.hibernate.SQL - 
    /* insert 
    for
        com.example.FitTracker.domain.ExerciseType
        */insert 
    into
        exercise_types (body_part, description, name, id) 
    values
        (?, ?, ?, default)
2025-12-12 19:17:01.562 [Test worker] DEBUG org.hibernate.SQL - 
    /* insert 
    for
        com.example.FitTracker.domain.ExerciseType
        */insert 
    into
        exercise_types (body_part, description, name, id) 
    values
        (?, ?, ?, default)
2025-12-12 19:17:01.563 [Test worker] DEBUG org.hibernate.SQL - 
    /* insert 
    for
        com.example.FitTracker.domain.ExerciseType
        */insert 
    into
        exercise_types (body_part, description, name, id) 
    values
        (?, ?, ?, default)
2025-12-12 19:17:01.565 [Test worker] DEBUG org.hibernate.SQL - 
    /* insert 
    for
        com.example.FitTracker.domain.ExerciseType
        */insert 
    into
        exercise_types (body_part, description, name, id) 
    values
        (?, ?, ?, default)
2025-12-12 19:17:01.566 [Test worker] DEBUG org.hibernate.SQL - 
    /* insert 
    for
        com.example.FitTracker.domain.ExerciseType
        */insert 
    into
        exercise_types (body_part, description, name, id) 
    values
        (?, ?, ?, default)
2025-12-12 19:17:01.567 [Test worker] DEBUG org.hibernate.SQL - 
    /* insert 
    for
        com.example.FitTracker.domain.ExerciseType
        */insert 
    into
        exercise_types (body_part, description, name, id) 
    values
        (?, ?, ?, default)
2025-12-12 19:17:01.569 [Test worker] DEBUG org.hibernate.SQL - 
    /* insert 
    for
        com.example.FitTracker.domain.ExerciseType
        */insert 
    into
        exercise_types (body_part, description, name, id) 
    values
        (?, ?, ?, default)
2025-12-12 19:17:01.570 [Test worker] DEBUG org.hibernate.SQL - 
    /* insert 
    for
        com.example.FitTracker.domain.ExerciseType
        */insert 
    into
        exercise_types (body_part, description, name, id) 
    values
        (?, ?, ?, default)
2025-12-12 19:17:01.571 [Test worker] DEBUG org.hibernate.SQL - 
    /* insert 
    for
        com.example.FitTracker.domain.ExerciseType
        */insert 
    into
        exercise_types (body_part, description, name, id) 
    values
        (?, ?, ?, default)
2025-12-12 19:17:01.573 [Test worker] DEBUG org.hibernate.SQL - 
    /* insert 
    for
        com.example.FitTracker.domain.ExerciseType
        */insert 
    into
        exercise_types (body_part, description, name, id) 
    values
        (?, ?, ?, default)
2025-12-12 19:17:01.574 [Test worker] DEBUG org.hibernate.SQL - 
    /* insert 
    for
        com.example.FitTracker.domain.ExerciseType
        */insert 
    into
        exercise_types (body_part, description, name, id) 
    values
        (?, ?, ?, default)
2025-12-12 19:17:01.576 [Test worker] DEBUG org.hibernate.SQL - 
    /* insert 
    for
        com.example.FitTracker.domain.ExerciseType
        */insert 
    into
        exercise_types (body_part, description, name, id) 
    values
        (?, ?, ?, default)
2025-12-12 19:17:01.579 [Test worker] DEBUG org.hibernate.SQL - 
    /* insert 
    for
        com.example.FitTracker.domain.ExerciseType
        */insert 
    into
        exercise_types (body_part, description, name, id) 
    values
        (?, ?, ?, default)
2025-12-12 19:17:01.580 [Test worker] DEBUG org.hibernate.SQL - 
    /* insert 
    for
        com.example.FitTracker.domain.ExerciseType
        */insert 
    into
        exercise_types (body_part, description, name, id) 
    values
        (?, ?, ?, default)
2025-12-12 19:17:01.582 [Test worker] DEBUG org.hibernate.SQL - 
    /* insert 
    for
        com.example.FitTracker.domain.ExerciseType
        */insert 
    into
        exercise_types (body_part, description, name, id) 
    values
        (?, ?, ?, default)
2025-12-12 19:17:01.583 [Test worker] DEBUG org.hibernate.SQL - 
    /* insert 
    for
        com.example.FitTracker.domain.ExerciseType
        */insert 
    into
        exercise_types (body_part, description, name, id) 
    values
        (?, ?, ?, default)
2025-12-12 19:17:01.584 [Test worker] DEBUG org.hibernate.SQL - 
    /* insert 
    for
        com.example.FitTracker.domain.ExerciseType
        */insert 
    into
        exercise_types (body_part, description, name, id) 
    values
        (?, ?, ?, default)
2025-12-12 19:17:01.585 [Test worker] DEBUG org.hibernate.SQL - 
    /* insert 
    for
        com.example.FitTracker.domain.ExerciseType
        */insert 
    into
        exercise_types (body_part, description, name, id) 
    values
        (?, ?, ?, default)
2025-12-12 19:17:01.587 [Test worker] DEBUG org.hibernate.SQL - 
    /* insert 
    for
        com.example.FitTracker.domain.ExerciseType
        */insert 
    into
        exercise_types (body_part, description, name, id) 
    values
        (?, ?, ?, default)
2025-12-12 19:17:01.588 [Test worker] DEBUG org.hibernate.SQL - 
    /* insert 
    for
        com.example.FitTracker.domain.ExerciseType
        */insert 
    into
        exercise_types (body_part, description, name, id) 
    values
        (?, ?, ?, default)
2025-12-12 19:17:01.589 [Test worker] DEBUG org.hibernate.SQL - 
    /* insert 
    for
        com.example.FitTracker.domain.ExerciseType
        */insert 
    into
        exercise_types (body_part, description, name, id) 
    values
        (?, ?, ?, default)
2025-12-12 19:17:01.591 [Test worker] DEBUG org.hibernate.SQL - 
    /* insert 
    for
        com.example.FitTracker.domain.ExerciseType
        */insert 
    into
        exercise_types (body_part, description, name, id) 
    values
        (?, ?, ?, default)
2025-12-12 19:17:01.593 [Test worker] DEBUG org.hibernate.SQL - 
    /* insert 
    for
        com.example.FitTracker.domain.ExerciseType
        */insert 
    into
        exercise_types (body_part, description, name, id) 
    values
        (?, ?, ?, default)
2025-12-12 19:17:01.595 [Test worker] DEBUG org.hibernate.SQL - 
    /* insert 
    for
        com.example.FitTracker.domain.ExerciseType
        */insert 
    into
        exercise_types (body_part, description, name, id) 
    values
        (?, ?, ?, default)
2025-12-12 19:17:01.596 [Test worker] DEBUG org.hibernate.SQL - 
    /* insert 
    for
        com.example.FitTracker.domain.ExerciseType
        */insert 
    into
        exercise_types (body_part, description, name, id) 
    values
        (?, ?, ?, default)
2025-12-12 19:17:01.597 [Test worker] DEBUG org.hibernate.SQL - 
    /* insert 
    for
        com.example.FitTracker.domain.ExerciseType
        */insert 
    into
        exercise_types (body_part, description, name, id) 
    values
        (?, ?, ?, default)
2025-12-12 19:17:01.598 [Test worker] DEBUG org.hibernate.SQL - 
    /* insert 
    for
        com.example.FitTracker.domain.ExerciseType
        */insert 
    into
        exercise_types (body_part, description, name, id) 
    values
        (?, ?, ?, default)
2025-12-12 19:17:01.599 [Test worker] DEBUG org.hibernate.SQL - 
    /* insert 
    for
        com.example.FitTracker.domain.ExerciseType
        */insert 
    into
        exercise_types (body_part, description, name, id) 
    values
        (?, ?, ?, default)
2025-12-12 19:17:01.601 [Test worker] DEBUG org.hibernate.SQL - 
    /* insert 
    for
        com.example.FitTracker.domain.ExerciseType
        */insert 
    into
        exercise_types (body_part, description, name, id) 
    values
        (?, ?, ?, default)
2025-12-12 19:17:01.603 [Test worker] DEBUG org.hibernate.SQL - 
    /* insert 
    for
        com.example.FitTracker.domain.ExerciseType
        */insert 
    into
        exercise_types (body_part, description, name, id) 
    values
        (?, ?, ?, default)
2025-12-12 19:17:01.604 [Test worker] DEBUG org.hibernate.SQL - 
    /* insert 
    for
        com.example.FitTracker.domain.ExerciseType
        */insert 
    into
        exercise_types (body_part, description, name, id) 
    values
        (?, ?, ?, default)
2025-12-12 19:17:01.606 [Test worker] DEBUG org.hibernate.SQL - 
    /* insert 
    for
        com.example.FitTracker.domain.ExerciseType
        */insert 
    into
        exercise_types (body_part, description, name, id) 
    values
        (?, ?, ?, default)
2025-12-12 19:17:01.607 [Test worker] INFO  c.e.F.config.ExerciseDataLoader - 44개의 운동 종목이 성공적으로 추가되었습니다.
2025-12-12 19:17:01.671 [Test worker] INFO  o.s.b.t.m.w.SpringBootMockServletContext - Initializing Spring TestDispatcherServlet ''
2025-12-12 19:17:01.672 [Test worker] INFO  o.s.t.w.s.TestDispatcherServlet - Initializing Servlet ''
2025-12-12 19:17:01.674 [Test worker] INFO  o.s.t.w.s.TestDispatcherServlet - Completed initialization in 2 ms
2025-12-12 19:17:01.993 [Test worker] DEBUG org.hibernate.SQL - 
    /* SELECT
        u.id id 
    FROM
        User u 
    WHERE
        u.email = :email */ select
            u1_0.id 
        from
            users u1_0 
        where
            u1_0.email=? 
        fetch
            first ? rows only
2025-12-12 19:17:02.082 [Test worker] DEBUG org.hibernate.SQL - 
    /* insert 
    for
        com.example.FitTracker.domain.User
        */insert 
    into
        users (created_at, email, name, password, id) 
    values
        (?, ?, ?, ?, default)
2025-12-12 19:17:02.252 [Test worker] DEBUG org.hibernate.SQL - 
    /* SELECT
        u 
    FROM
        User u 
    WHERE
        u.email = :email */ select
            u1_0.id,
            u1_0.created_at,
            u1_0.email,
            u1_0.name,
            u1_0.password 
        from
            users u1_0 
        where
            u1_0.email=?
2025-12-12 19:17:02.345 [Test worker] WARN  c.e.F.e.GlobalExceptionHandler - 인증 오류: Bad credentials

MockHttpServletRequest:
      HTTP Method = POST
      Request URI = /api/auth/login
       Parameters = {}
          Headers = [Content-Type:"application/json", Content-Length:"74"]
             Body = <no character encoding set>
    Session Attrs = {}

Handler:
             Type = com.example.FitTracker.controller.AuthController
           Method = com.example.FitTracker.controller.AuthController#login(LoginRequest)

Async:
    Async started = false
     Async result = null

Resolved Exception:
             Type = org.springframework.security.authentication.BadCredentialsException

ModelAndView:
        View name = null
             View = null
            Model = null

FlashMap:
       Attributes = null

MockHttpServletResponse:
           Status = 401
    Error message = null
          Headers = [Content-Type:"application/json", X-Content-Type-Options:"nosniff", X-XSS-Protection:"0", Cache-Control:"no-cache, no-store, max-age=0, must-revalidate", Pragma:"no-cache", Expires:"0", X-Frame-Options:"DENY"]
     Content type = application/json
             Body = {"timestamp":"2025-12-12T19:17:02.3482819","status":401,"error":"AUTHENTICATION_FAILED","message":"이메일 또는 비밀번호가 올바르지 않습니다","path":"/api/auth/login","validationErrors":null}
    Forwarded URL = null
   Redirected URL = null
          Cookies = []
2025-12-12 19:17:02.366 [Test worker] INFO  o.s.b.t.m.w.SpringBootMockServletContext - Initializing Spring TestDispatcherServlet ''
2025-12-12 19:17:02.366 [Test worker] INFO  o.s.t.w.s.TestDispatcherServlet - Initializing Servlet ''
2025-12-12 19:17:02.367 [Test worker] INFO  o.s.t.w.s.TestDispatcherServlet - Completed initialization in 1 ms
2025-12-12 19:17:02.370 [Test worker] DEBUG org.hibernate.SQL - 
    /* SELECT
        u.id id 
    FROM
        User u 
    WHERE
        u.email = :email */ select
            u1_0.id 
        from
            users u1_0 
        where
            u1_0.email=? 
        fetch
            first ? rows only
2025-12-12 19:17:02.448 [Test worker] DEBUG org.hibernate.SQL - 
    /* insert 
    for
        com.example.FitTracker.domain.User
        */insert 
    into
        users (created_at, email, name, password, id) 
    values
        (?, ?, ?, ?, default)
2025-12-12 19:17:02.454 [Test worker] DEBUG org.hibernate.SQL - 
    /* SELECT
        u 
    FROM
        User u 
    WHERE
        u.email = :email */ select
            u1_0.id,
            u1_0.created_at,
            u1_0.email,
            u1_0.name,
            u1_0.password 
        from
            users u1_0 
        where
            u1_0.email=?
2025-12-12 19:17:02.536 [Test worker] DEBUG org.hibernate.SQL - 
    /* SELECT
        u 
    FROM
        User u 
    WHERE
        u.email = :email */ select
            u1_0.id,
            u1_0.created_at,
            u1_0.email,
            u1_0.name,
            u1_0.password 
        from
            users u1_0 
        where
            u1_0.email=?

MockHttpServletRequest:
      HTTP Method = POST
      Request URI = /api/auth/login
       Parameters = {}
          Headers = [Content-Type:"application/json", Content-Length:"71"]
             Body = <no character encoding set>
    Session Attrs = {}

Handler:
             Type = com.example.FitTracker.controller.AuthController
           Method = com.example.FitTracker.controller.AuthController#login(LoginRequest)

Async:
    Async started = false
     Async result = null

Resolved Exception:
             Type = null

ModelAndView:
        View name = null
             View = null
            Model = null

FlashMap:
       Attributes = null

MockHttpServletResponse:
           Status = 200
    Error message = null
          Headers = [Content-Type:"application/json", X-Content-Type-Options:"nosniff", X-XSS-Protection:"0", Cache-Control:"no-cache, no-store, max-age=0, must-revalidate", Pragma:"no-cache", Expires:"0", X-Frame-Options:"DENY"]
     Content type = application/json
             Body = {"success":true,"message":"로그인 성공","data":{"token":"eyJhbGciOiJIUzM4NCJ9.eyJzdWIiOiJsb2dpbl90ZXN0XzE3NjU1MzQ2MjIzNjhAdGVzdC5jb20iLCJpYXQiOjE3NjU1MzQ2MjIsImV4cCI6MTc2NTYyMTAyMn0.pZeL29TYKPVHtxa-e_e3a1fWQzKa89UffGxPWD8GqUdENNmSFr9_kROAta04umsZ","type":"Bearer","userId":2,"email":"login_test_1765534622368@test.com","name":"로그인테스트"}}
    Forwarded URL = null
   Redirected URL = null
          Cookies = []
2025-12-12 19:17:02.592 [Test worker] INFO  o.s.b.t.m.w.SpringBootMockServletContext - Initializing Spring TestDispatcherServlet ''
2025-12-12 19:17:02.593 [Test worker] INFO  o.s.t.w.s.TestDispatcherServlet - Initializing Servlet ''
2025-12-12 19:17:02.595 [Test worker] INFO  o.s.t.w.s.TestDispatcherServlet - Completed initialization in 2 ms
2025-12-12 19:17:02.598 [Test worker] DEBUG org.hibernate.SQL - 
    /* SELECT
        u.id id 
    FROM
        User u 
    WHERE
        u.email = :email */ select
            u1_0.id 
        from
            users u1_0 
        where
            u1_0.email=? 
        fetch
            first ? rows only
2025-12-12 19:17:02.673 [Test worker] DEBUG org.hibernate.SQL - 
    /* insert 
    for
        com.example.FitTracker.domain.User
        */insert 
    into
        users (created_at, email, name, password, id) 
    values
        (?, ?, ?, ?, default)

MockHttpServletRequest:
      HTTP Method = POST
      Request URI = /api/auth/signup
       Parameters = {}
          Headers = [Content-Type:"application/json", Content-Length:"91"]
             Body = <no character encoding set>
    Session Attrs = {}

Handler:
             Type = com.example.FitTracker.controller.AuthController
           Method = com.example.FitTracker.controller.AuthController#signup(SignupRequest)

Async:
    Async started = false
     Async result = null

Resolved Exception:
             Type = null

ModelAndView:
        View name = null
             View = null
            Model = null

FlashMap:
       Attributes = null

MockHttpServletResponse:
           Status = 201
    Error message = null
          Headers = [Content-Type:"application/json", X-Content-Type-Options:"nosniff", X-XSS-Protection:"0", Cache-Control:"no-cache, no-store, max-age=0, must-revalidate", Pragma:"no-cache", Expires:"0", X-Frame-Options:"DENY"]
     Content type = application/json
             Body = {"success":true,"message":"회원가입 성공","data":{"token":"eyJhbGciOiJIUzM4NCJ9.eyJzdWIiOiJuZXdfdXNlcl8xNzY1NTM0NjIyNTk1QHRlc3QuY29tIiwiaWF0IjoxNzY1NTM0NjIyLCJleHAiOjE3NjU2MjEwMjJ9.ECgbnwEfmAahS8Xy3fDSA5EpEoCmBUyE9efqm8TV_tSL8WHIBH30SsG62YR0I5FL","type":"Bearer","userId":3,"email":"new_user_1765534622595@test.com","name":"신규유저"}}
    Forwarded URL = null
   Redirected URL = null
          Cookies = []
2025-12-12 19:17:02.683 [Test worker] INFO  o.s.b.t.m.w.SpringBootMockServletContext - Initializing Spring TestDispatcherServlet ''
2025-12-12 19:17:02.683 [Test worker] INFO  o.s.t.w.s.TestDispatcherServlet - Initializing Servlet ''
2025-12-12 19:17:02.685 [Test worker] INFO  o.s.t.w.s.TestDispatcherServlet - Completed initialization in 2 ms

MockHttpServletRequest:
      HTTP Method = POST
      Request URI = /api/auth/signup
       Parameters = {}
          Headers = [Content-Type:"application/json", Content-Length:"75"]
             Body = <no character encoding set>
    Session Attrs = {}

Handler:
             Type = com.example.FitTracker.controller.AuthController
           Method = com.example.FitTracker.controller.AuthController#signup(SignupRequest)

Async:
    Async started = false
     Async result = null

Resolved Exception:
             Type = org.springframework.web.bind.MethodArgumentNotValidException

ModelAndView:
        View name = null
             View = null
            Model = null

FlashMap:
       Attributes = null

MockHttpServletResponse:
           Status = 400
    Error message = null
          Headers = [Content-Type:"application/json", X-Content-Type-Options:"nosniff", X-XSS-Protection:"0", Cache-Control:"no-cache, no-store, max-age=0, must-revalidate", Pragma:"no-cache", Expires:"0", X-Frame-Options:"DENY"]
     Content type = application/json
             Body = {"timestamp":"2025-12-12T19:17:02.6964943","status":400,"error":"VALIDATION_FAILED","message":"입력값 검증 실패","path":"/api/auth/signup","validationErrors":{"password":"비밀번호는 최소 8자 이상이어야 합니다"}}
    Forwarded URL = null
   Redirected URL = null
          Cookies = []
2025-12-12 19:17:02.716 [Test worker] INFO  o.s.b.t.m.w.SpringBootMockServletContext - Initializing Spring TestDispatcherServlet ''
2025-12-12 19:17:02.717 [Test worker] INFO  o.s.t.w.s.TestDispatcherServlet - Initializing Servlet ''
2025-12-12 19:17:02.718 [Test worker] INFO  o.s.t.w.s.TestDispatcherServlet - Completed initialization in 1 ms
2025-12-12 19:17:02.721 [Test worker] DEBUG org.hibernate.SQL - 
    /* SELECT
        u.id id 
    FROM
        User u 
    WHERE
        u.email = :email */ select
            u1_0.id 
        from
            users u1_0 
        where
            u1_0.email=? 
        fetch
            first ? rows only
2025-12-12 19:17:02.799 [Test worker] DEBUG org.hibernate.SQL - 
    /* insert 
    for
        com.example.FitTracker.domain.User
        */insert 
    into
        users (created_at, email, name, password, id) 
    values
        (?, ?, ?, ?, default)
2025-12-12 19:17:02.804 [Test worker] DEBUG org.hibernate.SQL - 
    /* SELECT
        u.id id 
    FROM
        User u 
    WHERE
        u.email = :email */ select
            u1_0.id 
        from
            users u1_0 
        where
            u1_0.email=? 
        fetch
            first ? rows only
2025-12-12 19:17:02.806 [Test worker] WARN  c.e.F.e.GlobalExceptionHandler - 이메일 중복: 이미 사용 중인 이메일입니다: duplicate_1765534622719@test.com

MockHttpServletRequest:
      HTTP Method = POST
      Request URI = /api/auth/signup
       Parameters = {}
          Headers = [Content-Type:"application/json", Content-Length:"87"]
             Body = <no character encoding set>
    Session Attrs = {}

Handler:
             Type = com.example.FitTracker.controller.AuthController
           Method = com.example.FitTracker.controller.AuthController#signup(SignupRequest)

Async:
    Async started = false
     Async result = null

Resolved Exception:
             Type = com.example.FitTracker.exception.DuplicateEmailException

ModelAndView:
        View name = null
             View = null
            Model = null

FlashMap:
       Attributes = null

MockHttpServletResponse:
           Status = 409
    Error message = null
          Headers = [Content-Type:"application/json", X-Content-Type-Options:"nosniff", X-XSS-Protection:"0", Cache-Control:"no-cache, no-store, max-age=0, must-revalidate", Pragma:"no-cache", Expires:"0", X-Frame-Options:"DENY"]
     Content type = application/json
             Body = {"timestamp":"2025-12-12T19:17:02.8064031","status":409,"error":"DUPLICATE_EMAIL","message":"이미 사용 중인 이메일입니다: duplicate_1765534622719@test.com","path":"/api/auth/signup","validationErrors":null}
    Forwarded URL = null
   Redirected URL = null
          Cookies = []
2025-12-12 19:17:02.814 [Test worker] INFO  o.s.b.t.m.w.SpringBootMockServletContext - Initializing Spring TestDispatcherServlet ''
2025-12-12 19:17:02.815 [Test worker] INFO  o.s.t.w.s.TestDispatcherServlet - Initializing Servlet ''
2025-12-12 19:17:02.816 [Test worker] INFO  o.s.t.w.s.TestDispatcherServlet - Completed initialization in 1 ms

MockHttpServletRequest:
      HTTP Method = POST
      Request URI = /api/auth/login
       Parameters = {}
          Headers = [Content-Type:"application/json", Content-Length:"25"]
             Body = <no character encoding set>
    Session Attrs = {}

Handler:
             Type = com.example.FitTracker.controller.AuthController
           Method = com.example.FitTracker.controller.AuthController#login(LoginRequest)

Async:
    Async started = false
     Async result = null

Resolved Exception:
             Type = org.springframework.web.bind.MethodArgumentNotValidException

ModelAndView:
        View name = null
             View = null
            Model = null

FlashMap:
       Attributes = null

MockHttpServletResponse:
           Status = 400
    Error message = null
          Headers = [Content-Type:"application/json", X-Content-Type-Options:"nosniff", X-XSS-Protection:"0", Cache-Control:"no-cache, no-store, max-age=0, must-revalidate", Pragma:"no-cache", Expires:"0", X-Frame-Options:"DENY"]
     Content type = application/json
             Body = {"timestamp":"2025-12-12T19:17:02.8221657","status":400,"error":"VALIDATION_FAILED","message":"입력값 검증 실패","path":"/api/auth/login","validationErrors":{"password":"비밀번호는 필수입니다"}}
    Forwarded URL = null
   Redirected URL = null
          Cookies = []
2025-12-12 19:17:02.831 [Test worker] INFO  o.s.b.t.m.w.SpringBootMockServletContext - Initializing Spring TestDispatcherServlet ''
2025-12-12 19:17:02.831 [Test worker] INFO  o.s.t.w.s.TestDispatcherServlet - Initializing Servlet ''
2025-12-12 19:17:02.832 [Test worker] INFO  o.s.t.w.s.TestDispatcherServlet - Completed initialization in 1 ms

MockHttpServletRequest:
      HTTP Method = POST
      Request URI = /api/auth/signup
       Parameters = {}
          Headers = [Content-Type:"application/json", Content-Length:"67"]
             Body = <no character encoding set>
    Session Attrs = {}

Handler:
             Type = com.example.FitTracker.controller.AuthController
           Method = com.example.FitTracker.controller.AuthController#signup(SignupRequest)

Async:
    Async started = false
     Async result = null

Resolved Exception:
             Type = org.springframework.web.bind.MethodArgumentNotValidException

ModelAndView:
        View name = null
             View = null
            Model = null

FlashMap:
       Attributes = null

MockHttpServletResponse:
           Status = 400
    Error message = null
          Headers = [Content-Type:"application/json", X-Content-Type-Options:"nosniff", X-XSS-Protection:"0", Cache-Control:"no-cache, no-store, max-age=0, must-revalidate", Pragma:"no-cache", Expires:"0", X-Frame-Options:"DENY"]
     Content type = application/json
             Body = {"timestamp":"2025-12-12T19:17:02.8374214","status":400,"error":"VALIDATION_FAILED","message":"입력값 검증 실패","path":"/api/auth/signup","validationErrors":{"email":"올바른 이메일 형식이 아닙니다"}}
    Forwarded URL = null
   Redirected URL = null
          Cookies = []
2025-12-12 19:17:02.845 [Test worker] INFO  o.s.b.t.m.w.SpringBootMockServletContext - Initializing Spring TestDispatcherServlet ''
2025-12-12 19:17:02.845 [Test worker] INFO  o.s.t.w.s.TestDispatcherServlet - Initializing Servlet ''
2025-12-12 19:17:02.846 [Test worker] INFO  o.s.t.w.s.TestDispatcherServlet - Completed initialization in 1 ms
2025-12-12 19:17:02.850 [Test worker] DEBUG org.hibernate.SQL - 
    /* SELECT
        u 
    FROM
        User u 
    WHERE
        u.email = :email */ select
            u1_0.id,
            u1_0.created_at,
            u1_0.email,
            u1_0.name,
            u1_0.password 
        from
            users u1_0 
        where
            u1_0.email=?
2025-12-12 19:17:02.926 [Test worker] WARN  c.e.F.e.GlobalExceptionHandler - 인증 오류: Bad credentials

MockHttpServletRequest:
      HTTP Method = POST
      Request URI = /api/auth/login
       Parameters = {}
          Headers = [Content-Type:"application/json", Content-Length:"72"]
             Body = <no character encoding set>
    Session Attrs = {}

Handler:
             Type = com.example.FitTracker.controller.AuthController
           Method = com.example.FitTracker.controller.AuthController#login(LoginRequest)

Async:
    Async started = false
     Async result = null

Resolved Exception:
             Type = org.springframework.security.authentication.BadCredentialsException

ModelAndView:
        View name = null
             View = null
            Model = null

FlashMap:
       Attributes = null

MockHttpServletResponse:
           Status = 401
    Error message = null
          Headers = [Content-Type:"application/json", X-Content-Type-Options:"nosniff", X-XSS-Protection:"0", Cache-Control:"no-cache, no-store, max-age=0, must-revalidate", Pragma:"no-cache", Expires:"0", X-Frame-Options:"DENY"]
     Content type = application/json
             Body = {"timestamp":"2025-12-12T19:17:02.9265206","status":401,"error":"AUTHENTICATION_FAILED","message":"이메일 또는 비밀번호가 올바르지 않습니다","path":"/api/auth/login","validationErrors":null}
    Forwarded URL = null
   Redirected URL = null
          Cookies = []
]]></system-out>
  <system-err><![CDATA[]]></system-err>
</testsuite>
